INFO:root:Starting the MediaCloud example Flask app!
INFO:root:Starting the MediaCloud example Flask app!
INFO:root:Starting the MediaCloud example Flask app!
INFO:werkzeug: * Running on http://127.0.0.1:5000/ (Press CTRL+C to quit)
INFO:werkzeug: * Restarting with stat
INFO:root:Starting the MediaCloud example Flask app!
WARNING:werkzeug: * Debugger is active!
INFO:werkzeug: * Debugger pin code: 212-724-114
INFO:werkzeug: * Detected change in '/Users/pedro-reynolds-cuellar/GitHub/MAS.500/MediaCloud-Flask-Example/mcserver.py', reloading
INFO:werkzeug: * Restarting with stat
INFO:root:Starting the MediaCloud example Flask app!
WARNING:werkzeug: * Debugger is active!
INFO:werkzeug: * Debugger pin code: 212-724-114
INFO:root:Starting the MediaCloud example Flask app!
INFO:werkzeug: * Running on http://127.0.0.1:5000/ (Press CTRL+C to quit)
INFO:werkzeug: * Restarting with stat
INFO:root:Starting the MediaCloud example Flask app!
WARNING:werkzeug: * Debugger is active!
INFO:werkzeug: * Debugger pin code: 212-724-114
INFO:root:Starting the MediaCloud example Flask app!
INFO:werkzeug: * Running on http://127.0.0.1:5000/ (Press CTRL+C to quit)
INFO:werkzeug: * Restarting with stat
INFO:root:Starting the MediaCloud example Flask app!
WARNING:werkzeug: * Debugger is active!
INFO:werkzeug: * Debugger pin code: 212-724-114
INFO:root:Starting the MediaCloud example Flask app!
INFO:root:Starting the MediaCloud example Flask app!
INFO:root:Starting the MediaCloud example Flask app!
INFO:root:Starting the MediaCloud example Flask app!
INFO:root:Starting the MediaCloud example Flask app!
INFO:werkzeug: * Running on http://127.0.0.1:5000/ (Press CTRL+C to quit)
INFO:werkzeug: * Restarting with stat
INFO:root:Starting the MediaCloud example Flask app!
WARNING:werkzeug: * Debugger is active!
INFO:werkzeug: * Debugger pin code: 212-724-114
INFO:werkzeug: * Detected change in '/Users/pedro-reynolds-cuellar/GitHub/MAS.500/MediaCloud-Flask-Example/mcserver.py', reloading
INFO:werkzeug: * Restarting with stat
INFO:root:Starting the MediaCloud example Flask app!
WARNING:werkzeug: * Debugger is active!
INFO:werkzeug: * Debugger pin code: 212-724-114
INFO:root:Starting the MediaCloud example Flask app!
INFO:werkzeug: * Running on http://127.0.0.1:5000/ (Press CTRL+C to quit)
INFO:werkzeug: * Restarting with stat
INFO:root:Starting the MediaCloud example Flask app!
WARNING:werkzeug: * Debugger is active!
INFO:werkzeug: * Debugger pin code: 212-724-114
INFO:werkzeug:127.0.0.1 - - [29/Nov/2016 13:42:39] "GET / HTTP/1.1" 200 -
INFO:werkzeug:127.0.0.1 - - [29/Nov/2016 13:42:39] "GET /favicon.ico HTTP/1.1" 404 -
INFO:werkzeug:127.0.0.1 - - [29/Nov/2016 13:42:53] "POST /search HTTP/1.1" 500 -
INFO:werkzeug:127.0.0.1 - - [29/Nov/2016 13:42:53] "GET /search?__debugger__=yes&cmd=resource&f=style.css HTTP/1.1" 404 -
INFO:werkzeug:127.0.0.1 - - [29/Nov/2016 13:42:53] "GET /search?__debugger__=yes&cmd=resource&f=jquery.js HTTP/1.1" 404 -
INFO:werkzeug:127.0.0.1 - - [29/Nov/2016 13:42:53] "GET /search?__debugger__=yes&cmd=resource&f=debugger.js HTTP/1.1" 404 -
INFO:werkzeug:127.0.0.1 - - [29/Nov/2016 13:42:53] "GET /search?__debugger__=yes&cmd=resource&f=console.png HTTP/1.1" 404 -
INFO:werkzeug: * Detected change in '/Users/pedro-reynolds-cuellar/GitHub/MAS.500/MediaCloud-Flask-Example/mcserver.py', reloading
INFO:werkzeug: * Restarting with stat
INFO:root:Starting the MediaCloud example Flask app!
WARNING:werkzeug: * Debugger is active!
INFO:werkzeug: * Debugger pin code: 212-724-114
INFO:root:Starting the MediaCloud example Flask app!
INFO:werkzeug: * Running on http://127.0.0.1:5000/ (Press CTRL+C to quit)
INFO:werkzeug: * Restarting with stat
INFO:root:Starting the MediaCloud example Flask app!
WARNING:werkzeug: * Debugger is active!
INFO:werkzeug: * Debugger pin code: 212-724-114
INFO:werkzeug:127.0.0.1 - - [29/Nov/2016 13:47:23] "GET / HTTP/1.1" 200 -
DEBUG:mediacloud.api:query GET to https://api.mediacloud.org/api/v2/sentences/count with {'fq': ['publish_date:[2015-11-29T00:00:00Z TO 2016-11-29T00:00:00Z}', 'media_sets_id:1'], 'split_start_date': '2015-11-29', 'split_end_date': '2016-11-29', 'q': u'pedro', 'split': 1, 'split_daily': 0}
INFO:requests.packages.urllib3.connectionpool:Starting new HTTPS connection (1): api.mediacloud.org
DEBUG:requests.packages.urllib3.connectionpool:"GET /api/v2/sentences/count?fq=publish_date%3A%5B2015-11-29T00%3A00%3A00Z+TO+2016-11-29T00%3A00%3A00Z%7D&fq=media_sets_id%3A1&split_start_date=2015-11-29&split_end_date=2016-11-29&q=pedro&split=1&key=48d9fd877527e6c8c5ff25553c124b1634b8b2926310e2d259d6518221e2a5f2&split_daily=0 HTTP/1.1" 200 1461
INFO:werkzeug:127.0.0.1 - - [29/Nov/2016 13:47:37] "POST /search HTTP/1.1" 500 -
DEBUG:mediacloud.api:query GET to https://api.mediacloud.org/api/v2/sentences/count with {'fq': ['publish_date:[2015-11-29T00:00:00Z TO 2016-11-29T00:00:00Z}', 'media_sets_id:1'], 'split_start_date': '2015-11-29', 'split_end_date': '2016-11-29', 'q': u'pedro', 'split': 1, 'split_daily': 0}
INFO:requests.packages.urllib3.connectionpool:Starting new HTTPS connection (1): api.mediacloud.org
DEBUG:requests.packages.urllib3.connectionpool:"GET /api/v2/sentences/count?fq=publish_date%3A%5B2015-11-29T00%3A00%3A00Z+TO+2016-11-29T00%3A00%3A00Z%7D&fq=media_sets_id%3A1&split_start_date=2015-11-29&split_end_date=2016-11-29&q=pedro&split=1&key=48d9fd877527e6c8c5ff25553c124b1634b8b2926310e2d259d6518221e2a5f2&split_daily=0 HTTP/1.1" 200 1461
INFO:werkzeug:127.0.0.1 - - [29/Nov/2016 13:47:37] "POST /search HTTP/1.1" 500 -
DEBUG:mediacloud.api:query GET to https://api.mediacloud.org/api/v2/sentences/count with {'fq': ['publish_date:[2015-11-29T00:00:00Z TO 2016-11-29T00:00:00Z}', 'media_sets_id:1'], 'split_start_date': '2015-11-29', 'split_end_date': '2016-11-29', 'q': u'pedro', 'split': 1, 'split_daily': 0}
INFO:requests.packages.urllib3.connectionpool:Starting new HTTPS connection (1): api.mediacloud.org
DEBUG:requests.packages.urllib3.connectionpool:"GET /api/v2/sentences/count?fq=publish_date%3A%5B2015-11-29T00%3A00%3A00Z+TO+2016-11-29T00%3A00%3A00Z%7D&fq=media_sets_id%3A1&split_start_date=2015-11-29&split_end_date=2016-11-29&q=pedro&split=1&key=48d9fd877527e6c8c5ff25553c124b1634b8b2926310e2d259d6518221e2a5f2&split_daily=0 HTTP/1.1" 200 1461
INFO:werkzeug:127.0.0.1 - - [29/Nov/2016 13:47:38] "POST /search HTTP/1.1" 500 -
INFO:werkzeug:127.0.0.1 - - [29/Nov/2016 13:47:38] "GET /search?__debugger__=yes&cmd=resource&f=style.css HTTP/1.1" 404 -
INFO:werkzeug:127.0.0.1 - - [29/Nov/2016 13:47:38] "GET /search?__debugger__=yes&cmd=resource&f=jquery.js HTTP/1.1" 404 -
INFO:werkzeug:127.0.0.1 - - [29/Nov/2016 13:47:38] "GET /search?__debugger__=yes&cmd=resource&f=debugger.js HTTP/1.1" 404 -
INFO:werkzeug: * Detected change in '/Users/pedro-reynolds-cuellar/GitHub/MAS.500/MediaCloud-Flask-Example/mcserver.py', reloading
INFO:werkzeug: * Restarting with stat
INFO:root:Starting the MediaCloud example Flask app!
WARNING:werkzeug: * Debugger is active!
INFO:werkzeug: * Debugger pin code: 212-724-114
INFO:werkzeug: * Detected change in '/Users/pedro-reynolds-cuellar/GitHub/MAS.500/MediaCloud-Flask-Example/mcserver.py', reloading
INFO:werkzeug: * Restarting with stat
INFO:root:Starting the MediaCloud example Flask app!
WARNING:werkzeug: * Debugger is active!
INFO:werkzeug: * Debugger pin code: 212-724-114
INFO:root:Starting the MediaCloud example Flask app!
INFO:werkzeug: * Running on http://127.0.0.1:5000/ (Press CTRL+C to quit)
INFO:werkzeug: * Restarting with stat
INFO:root:Starting the MediaCloud example Flask app!
WARNING:werkzeug: * Debugger is active!
INFO:werkzeug: * Debugger pin code: 212-724-114
INFO:werkzeug:127.0.0.1 - - [29/Nov/2016 13:49:18] "GET / HTTP/1.1" 200 -
DEBUG:mediacloud.api:query GET to https://api.mediacloud.org/api/v2/sentences/count with {'fq': ['publish_date:[2015-11-29T00:00:00Z TO 2016-11-29T00:00:00Z}', 'media_sets_id:1'], 'split_start_date': '2015-11-29', 'split_end_date': '2016-11-29', 'q': u'pedro', 'split': 1, 'split_daily': 0}
INFO:requests.packages.urllib3.connectionpool:Starting new HTTPS connection (1): api.mediacloud.org
DEBUG:requests.packages.urllib3.connectionpool:"GET /api/v2/sentences/count?fq=publish_date%3A%5B2015-11-29T00%3A00%3A00Z+TO+2016-11-29T00%3A00%3A00Z%7D&fq=media_sets_id%3A1&split_start_date=2015-11-29&split_end_date=2016-11-29&q=pedro&split=1&key=48d9fd877527e6c8c5ff25553c124b1634b8b2926310e2d259d6518221e2a5f2&split_daily=0 HTTP/1.1" 200 1461
INFO:werkzeug:127.0.0.1 - - [29/Nov/2016 13:49:31] "POST /search HTTP/1.1" 500 -
INFO:werkzeug:127.0.0.1 - - [29/Nov/2016 13:49:31] "GET /search?__debugger__=yes&cmd=resource&f=style.css HTTP/1.1" 404 -
INFO:werkzeug:127.0.0.1 - - [29/Nov/2016 13:49:31] "GET /search?__debugger__=yes&cmd=resource&f=jquery.js HTTP/1.1" 404 -
INFO:werkzeug:127.0.0.1 - - [29/Nov/2016 13:49:31] "GET /search?__debugger__=yes&cmd=resource&f=debugger.js HTTP/1.1" 404 -
INFO:werkzeug: * Detected change in '/Users/pedro-reynolds-cuellar/GitHub/MAS.500/MediaCloud-Flask-Example/mcserver.py', reloading
INFO:werkzeug: * Restarting with stat
INFO:root:Starting the MediaCloud example Flask app!
WARNING:werkzeug: * Debugger is active!
INFO:werkzeug: * Debugger pin code: 212-724-114
INFO:root:Starting the MediaCloud example Flask app!
INFO:werkzeug: * Running on http://127.0.0.1:5000/ (Press CTRL+C to quit)
INFO:werkzeug: * Restarting with stat
INFO:root:Starting the MediaCloud example Flask app!
WARNING:werkzeug: * Debugger is active!
INFO:werkzeug: * Debugger pin code: 212-724-114
INFO:werkzeug:127.0.0.1 - - [29/Nov/2016 13:50:01] "GET / HTTP/1.1" 200 -
DEBUG:mediacloud.api:query GET to https://api.mediacloud.org/api/v2/sentences/count with {'fq': ['publish_date:[2015-11-29T00:00:00Z TO 2016-11-29T00:00:00Z}', 'media_sets_id:1'], 'split_start_date': '2015-11-29', 'split_end_date': '2016-11-29', 'q': u'pedro', 'split': 1, 'split_daily': 0}
INFO:requests.packages.urllib3.connectionpool:Starting new HTTPS connection (1): api.mediacloud.org
DEBUG:requests.packages.urllib3.connectionpool:"GET /api/v2/sentences/count?fq=publish_date%3A%5B2015-11-29T00%3A00%3A00Z+TO+2016-11-29T00%3A00%3A00Z%7D&fq=media_sets_id%3A1&split_start_date=2015-11-29&split_end_date=2016-11-29&q=pedro&split=1&key=48d9fd877527e6c8c5ff25553c124b1634b8b2926310e2d259d6518221e2a5f2&split_daily=0 HTTP/1.1" 200 1461
INFO:werkzeug:127.0.0.1 - - [29/Nov/2016 13:50:04] "POST /search HTTP/1.1" 500 -
INFO:werkzeug:127.0.0.1 - - [29/Nov/2016 13:50:04] "GET /search?__debugger__=yes&cmd=resource&f=style.css HTTP/1.1" 404 -
INFO:werkzeug:127.0.0.1 - - [29/Nov/2016 13:50:04] "GET /search?__debugger__=yes&cmd=resource&f=jquery.js HTTP/1.1" 404 -
INFO:werkzeug:127.0.0.1 - - [29/Nov/2016 13:50:04] "GET /search?__debugger__=yes&cmd=resource&f=debugger.js HTTP/1.1" 404 -
INFO:root:Starting the MediaCloud example Flask app!
INFO:werkzeug: * Running on http://127.0.0.1:5000/ (Press CTRL+C to quit)
INFO:werkzeug: * Restarting with stat
INFO:root:Starting the MediaCloud example Flask app!
WARNING:werkzeug: * Debugger is active!
INFO:werkzeug: * Debugger pin code: 212-724-114
INFO:werkzeug:127.0.0.1 - - [29/Nov/2016 13:55:09] "GET / HTTP/1.1" 200 -
DEBUG:mediacloud.api:query GET to https://api.mediacloud.org/api/v2/sentences/count with {'fq': ['publish_date:[2015-01-01T00:00:00Z TO 2015-11-23T00:00:00Z}', 'media_sets_id:1'], 'split_start_date': '2015-01-01', 'split_end_date': '2015-11-23', 'q': u'pedro', 'split': 1, 'split_daily': 0}
INFO:requests.packages.urllib3.connectionpool:Starting new HTTPS connection (1): api.mediacloud.org
DEBUG:requests.packages.urllib3.connectionpool:"GET /api/v2/sentences/count?fq=publish_date%3A%5B2015-01-01T00%3A00%3A00Z+TO+2015-11-23T00%3A00%3A00Z%7D&fq=media_sets_id%3A1&split_start_date=2015-01-01&split_end_date=2015-11-23&q=pedro&split=1&key=48d9fd877527e6c8c5ff25553c124b1634b8b2926310e2d259d6518221e2a5f2&split_daily=0 HTTP/1.1" 200 1362
INFO:werkzeug:127.0.0.1 - - [29/Nov/2016 13:55:31] "POST /search HTTP/1.1" 200 -
INFO:werkzeug: * Detected change in '/Users/pedro-reynolds-cuellar/GitHub/MAS.500/MediaCloud-Flask-Example/mcserver.py', reloading
INFO:werkzeug: * Restarting with stat
INFO:root:Starting the MediaCloud example Flask app!
WARNING:werkzeug: * Debugger is active!
INFO:werkzeug: * Debugger pin code: 212-724-114
INFO:root:Starting the MediaCloud example Flask app!
INFO:werkzeug: * Running on http://127.0.0.1:5000/ (Press CTRL+C to quit)
INFO:werkzeug: * Restarting with stat
INFO:root:Starting the MediaCloud example Flask app!
WARNING:werkzeug: * Debugger is active!
INFO:werkzeug: * Debugger pin code: 212-724-114
INFO:werkzeug:127.0.0.1 - - [29/Nov/2016 14:08:04] "GET / HTTP/1.1" 200 -
DEBUG:mediacloud.api:query GET to https://api.mediacloud.org/api/v2/sentences/count with {'fq': ['publish_date:[2015-01-01T00:00:00Z TO 2015-11-23T00:00:00Z}', 'media_sets_id:1'], 'split_start_date': '2015-01-01', 'split_end_date': '2015-11-23', 'q': u'pedro', 'split': 1, 'split_daily': 0}
INFO:requests.packages.urllib3.connectionpool:Starting new HTTPS connection (1): api.mediacloud.org
DEBUG:requests.packages.urllib3.connectionpool:"GET /api/v2/sentences/count?fq=publish_date%3A%5B2015-01-01T00%3A00%3A00Z+TO+2015-11-23T00%3A00%3A00Z%7D&fq=media_sets_id%3A1&split_start_date=2015-01-01&split_end_date=2015-11-23&q=pedro&split=1&key=48d9fd877527e6c8c5ff25553c124b1634b8b2926310e2d259d6518221e2a5f2&split_daily=0 HTTP/1.1" 200 1362
INFO:werkzeug:127.0.0.1 - - [29/Nov/2016 14:08:15] "POST /search HTTP/1.1" 200 -
INFO:werkzeug: * Detected change in '/Users/pedro-reynolds-cuellar/GitHub/MAS.500/MediaCloud-Flask-Example/mcserver.py', reloading
INFO:werkzeug: * Restarting with stat
INFO:root:Starting the MediaCloud example Flask app!
WARNING:werkzeug: * Debugger is active!
INFO:werkzeug: * Debugger pin code: 212-724-114
INFO:werkzeug: * Detected change in '/Users/pedro-reynolds-cuellar/GitHub/MAS.500/MediaCloud-Flask-Example/mcserver.py', reloading
INFO:werkzeug: * Restarting with stat
INFO:root:Starting the MediaCloud example Flask app!
WARNING:werkzeug: * Debugger is active!
INFO:werkzeug: * Debugger pin code: 212-724-114
INFO:werkzeug: * Detected change in '/Users/pedro-reynolds-cuellar/GitHub/MAS.500/MediaCloud-Flask-Example/mcserver.py', reloading
INFO:werkzeug: * Restarting with stat
INFO:root:Starting the MediaCloud example Flask app!
WARNING:werkzeug: * Debugger is active!
INFO:werkzeug: * Debugger pin code: 212-724-114
INFO:werkzeug: * Detected change in '/Users/pedro-reynolds-cuellar/GitHub/MAS.500/MediaCloud-Flask-Example/mcserver.py', reloading
INFO:werkzeug: * Restarting with stat
INFO:root:Starting the MediaCloud example Flask app!
WARNING:werkzeug: * Debugger is active!
INFO:werkzeug: * Debugger pin code: 212-724-114
INFO:werkzeug: * Detected change in '/Users/pedro-reynolds-cuellar/GitHub/MAS.500/MediaCloud-Flask-Example/mcserver.py', reloading
INFO:werkzeug: * Restarting with stat
INFO:root:Starting the MediaCloud example Flask app!
WARNING:werkzeug: * Debugger is active!
INFO:werkzeug: * Debugger pin code: 212-724-114
INFO:werkzeug: * Detected change in '/Users/pedro-reynolds-cuellar/GitHub/MAS.500/MediaCloud-Flask-Example/mcserver.py', reloading
INFO:werkzeug: * Restarting with stat
INFO:root:Starting the MediaCloud example Flask app!
WARNING:werkzeug: * Debugger is active!
INFO:werkzeug: * Debugger pin code: 212-724-114
INFO:root:Starting the MediaCloud example Flask app!
INFO:werkzeug: * Running on http://127.0.0.1:5000/ (Press CTRL+C to quit)
INFO:werkzeug: * Restarting with stat
INFO:root:Starting the MediaCloud example Flask app!
WARNING:werkzeug: * Debugger is active!
INFO:werkzeug: * Debugger pin code: 212-724-114
INFO:werkzeug:127.0.0.1 - - [29/Nov/2016 14:23:34] "GET / HTTP/1.1" 200 -
DEBUG:mediacloud.api:query GET to https://api.mediacloud.org/api/v2/sentences/count with {'fq': ['publish_date:[2015-11-29T00:00:00Z TO 2016-11-29T00:00:00Z}', 'media_sets_id:1'], 'split_start_date': '2015-11-29', 'split_end_date': '2016-11-29', 'q': u'pedro', 'split': 1, 'split_daily': 0}
INFO:requests.packages.urllib3.connectionpool:Starting new HTTPS connection (1): api.mediacloud.org
DEBUG:requests.packages.urllib3.connectionpool:"GET /api/v2/sentences/count?fq=publish_date%3A%5B2015-11-29T00%3A00%3A00Z+TO+2016-11-29T00%3A00%3A00Z%7D&fq=media_sets_id%3A1&split_start_date=2015-11-29&split_end_date=2016-11-29&q=pedro&split=1&key=48d9fd877527e6c8c5ff25553c124b1634b8b2926310e2d259d6518221e2a5f2&split_daily=0 HTTP/1.1" 200 1461
INFO:werkzeug:127.0.0.1 - - [29/Nov/2016 14:23:50] "POST /search HTTP/1.1" 200 -
INFO:root:Starting the MediaCloud example Flask app!
INFO:werkzeug: * Running on http://127.0.0.1:5000/ (Press CTRL+C to quit)
INFO:werkzeug: * Restarting with stat
INFO:root:Starting the MediaCloud example Flask app!
WARNING:werkzeug: * Debugger is active!
INFO:werkzeug: * Debugger pin code: 212-724-114
INFO:werkzeug:127.0.0.1 - - [29/Nov/2016 19:11:35] "GET / HTTP/1.1" 200 -
INFO:werkzeug:127.0.0.1 - - [29/Nov/2016 19:11:35] "GET /favicon.ico HTTP/1.1" 404 -
DEBUG:mediacloud.api:query GET to https://api.mediacloud.org/api/v2/sentences/count with {'fq': ['publish_date:[2015-11-29T00:00:00Z TO 2016-11-29T00:00:00Z}', 'media_sets_id:1'], 'split_start_date': '2015-11-29', 'split_end_date': '2016-11-29', 'q': u'pedro', 'split': 1, 'split_daily': 0}
INFO:requests.packages.urllib3.connectionpool:Starting new HTTPS connection (1): api.mediacloud.org
DEBUG:requests.packages.urllib3.connectionpool:"GET /api/v2/sentences/count?fq=publish_date%3A%5B2015-11-29T00%3A00%3A00Z+TO+2016-11-29T00%3A00%3A00Z%7D&fq=media_sets_id%3A1&split_start_date=2015-11-29&split_end_date=2016-11-29&q=pedro&split=1&key=48d9fd877527e6c8c5ff25553c124b1634b8b2926310e2d259d6518221e2a5f2&split_daily=0 HTTP/1.1" 200 1461
INFO:werkzeug:127.0.0.1 - - [29/Nov/2016 19:11:49] "POST /search HTTP/1.1" 200 -
INFO:root:Starting the MediaCloud example Flask app!
INFO:werkzeug: * Running on http://127.0.0.1:5000/ (Press CTRL+C to quit)
INFO:werkzeug: * Restarting with stat
INFO:root:Starting the MediaCloud example Flask app!
WARNING:werkzeug: * Debugger is active!
INFO:werkzeug: * Debugger pin code: 212-724-114
INFO:werkzeug:127.0.0.1 - - [30/Nov/2016 23:12:24] "GET / HTTP/1.1" 200 -
DEBUG:mediacloud.api:query GET to https://api.mediacloud.org/api/v2/sentences/count with {'fq': ['publish_date:[2015-11-29T00:00:00Z TO 2016-11-29T00:00:00Z}', 'media_sets_id:1'], 'split_start_date': '2015-11-29', 'split_end_date': '2016-11-29', 'q': u'puppy', 'split': 1, 'split_daily': 0}
INFO:requests.packages.urllib3.connectionpool:Starting new HTTPS connection (1): api.mediacloud.org
DEBUG:requests.packages.urllib3.connectionpool:"GET /api/v2/sentences/count?fq=publish_date%3A%5B2015-11-29T00%3A00%3A00Z+TO+2016-11-29T00%3A00%3A00Z%7D&fq=media_sets_id%3A1&split_start_date=2015-11-29&split_end_date=2016-11-29&q=puppy&split=1&key=48d9fd877527e6c8c5ff25553c124b1634b8b2926310e2d259d6518221e2a5f2&split_daily=0 HTTP/1.1" 200 1464
INFO:werkzeug:127.0.0.1 - - [30/Nov/2016 23:13:42] "POST /search HTTP/1.1" 200 -
INFO:root:Starting the MediaCloud example Flask app!
INFO:werkzeug: * Running on http://127.0.0.1:5000/ (Press CTRL+C to quit)
INFO:werkzeug: * Restarting with stat
INFO:root:Starting the MediaCloud example Flask app!
WARNING:werkzeug: * Debugger is active!
INFO:werkzeug: * Debugger pin code: 212-724-114
INFO:werkzeug: * Detected change in '/Users/pedro-reynolds-cuellar/GitHub/MAS.500/MediaCloud-Flask-Example/mcserver.py', reloading
INFO:werkzeug: * Restarting with stat
INFO:root:Starting the MediaCloud example Flask app!
WARNING:werkzeug: * Debugger is active!
INFO:werkzeug: * Debugger pin code: 212-724-114
INFO:werkzeug: * Detected change in '/Users/pedro-reynolds-cuellar/GitHub/MAS.500/MediaCloud-Flask-Example/mcserver.py', reloading
INFO:werkzeug: * Restarting with stat
INFO:root:Starting the MediaCloud example Flask app!
WARNING:werkzeug: * Debugger is active!
INFO:werkzeug: * Debugger pin code: 212-724-114
INFO:werkzeug: * Detected change in '/Users/pedro-reynolds-cuellar/GitHub/MAS.500/MediaCloud-Flask-Example/mcserver.py', reloading
INFO:werkzeug: * Restarting with stat
INFO:root:Starting the MediaCloud example Flask app!
WARNING:werkzeug: * Debugger is active!
INFO:werkzeug: * Debugger pin code: 212-724-114
INFO:werkzeug: * Detected change in '/Users/pedro-reynolds-cuellar/GitHub/MAS.500/MediaCloud-Flask-Example/mcserver.py', reloading
INFO:werkzeug: * Restarting with stat
INFO:root:Starting the MediaCloud example Flask app!
WARNING:werkzeug: * Debugger is active!
INFO:werkzeug: * Debugger pin code: 212-724-114
INFO:root:Starting the MediaCloud example Flask app!
INFO:werkzeug: * Running on http://127.0.0.1:5000/ (Press CTRL+C to quit)
INFO:werkzeug: * Restarting with stat
INFO:root:Starting the MediaCloud example Flask app!
WARNING:werkzeug: * Debugger is active!
INFO:werkzeug: * Debugger pin code: 212-724-114
INFO:werkzeug:127.0.0.1 - - [02/Dec/2016 11:08:21] "GET / HTTP/1.1" 200 -
DEBUG:mediacloud.api:query GET to https://api.mediacloud.org/api/v2/sentences/count with {'fq': ['publish_date:[2015-11-29T00:00:00Z TO 2016-11-29T00:00:00Z}', 'media_sets_id:1'], 'split_start_date': '2015-11-29', 'split_end_date': '2016-11-29', 'q': u'trump', 'split': 1, 'split_daily': 0}
INFO:requests.packages.urllib3.connectionpool:Starting new HTTPS connection (1): api.mediacloud.org
DEBUG:requests.packages.urllib3.connectionpool:"GET /api/v2/sentences/count?fq=publish_date%3A%5B2015-11-29T00%3A00%3A00Z+TO+2016-11-29T00%3A00%3A00Z%7D&fq=media_sets_id%3A1&split_start_date=2015-11-29&split_end_date=2016-11-29&q=trump&split=1&key=48d9fd877527e6c8c5ff25553c124b1634b8b2926310e2d259d6518221e2a5f2&split_daily=0 HTTP/1.1" 200 1490
INFO:werkzeug:127.0.0.1 - - [02/Dec/2016 11:08:37] "POST /search HTTP/1.1" 500 -
INFO:werkzeug:127.0.0.1 - - [02/Dec/2016 11:08:37] "GET /search?__debugger__=yes&cmd=resource&f=style.css HTTP/1.1" 404 -
INFO:werkzeug:127.0.0.1 - - [02/Dec/2016 11:08:37] "GET /search?__debugger__=yes&cmd=resource&f=jquery.js HTTP/1.1" 404 -
INFO:werkzeug:127.0.0.1 - - [02/Dec/2016 11:08:37] "GET /search?__debugger__=yes&cmd=resource&f=debugger.js HTTP/1.1" 404 -
INFO:werkzeug:127.0.0.1 - - [02/Dec/2016 11:08:37] "GET /search?__debugger__=yes&cmd=resource&f=console.png HTTP/1.1" 404 -
INFO:werkzeug: * Detected change in '/Users/pedro-reynolds-cuellar/GitHub/MAS.500/MediaCloud-Flask-Example/mcserver.py', reloading
INFO:werkzeug: * Restarting with stat
INFO:root:Starting the MediaCloud example Flask app!
WARNING:werkzeug: * Debugger is active!
INFO:werkzeug: * Debugger pin code: 212-724-114
INFO:root:Starting the MediaCloud example Flask app!
INFO:werkzeug: * Running on http://127.0.0.1:5000/ (Press CTRL+C to quit)
INFO:werkzeug: * Restarting with stat
INFO:root:Starting the MediaCloud example Flask app!
WARNING:werkzeug: * Debugger is active!
INFO:werkzeug: * Debugger pin code: 212-724-114
INFO:werkzeug:127.0.0.1 - - [02/Dec/2016 11:11:42] "GET / HTTP/1.1" 200 -
DEBUG:mediacloud.api:query GET to https://api.mediacloud.org/api/v2/sentences/count with {'fq': ['publish_date:[2015-11-29T00:00:00Z TO 2016-11-29T00:00:00Z}', 'media_sets_id:1'], 'split_start_date': '2015-11-29', 'split_end_date': '2016-11-29', 'q': u'trump', 'split': 1, 'split_daily': 0}
INFO:requests.packages.urllib3.connectionpool:Starting new HTTPS connection (1): api.mediacloud.org
DEBUG:requests.packages.urllib3.connectionpool:"GET /api/v2/sentences/count?fq=publish_date%3A%5B2015-11-29T00%3A00%3A00Z+TO+2016-11-29T00%3A00%3A00Z%7D&fq=media_sets_id%3A1&split_start_date=2015-11-29&split_end_date=2016-11-29&q=trump&split=1&key=48d9fd877527e6c8c5ff25553c124b1634b8b2926310e2d259d6518221e2a5f2&split_daily=0 HTTP/1.1" 200 1490
INFO:werkzeug:127.0.0.1 - - [02/Dec/2016 11:11:46] "POST /search HTTP/1.1" 200 -
INFO:werkzeug: * Detected change in '/Users/pedro-reynolds-cuellar/GitHub/MAS.500/MediaCloud-Flask-Example/mcserver.py', reloading
INFO:werkzeug: * Restarting with stat
INFO:root:Starting the MediaCloud example Flask app!
WARNING:werkzeug: * Debugger is active!
INFO:werkzeug: * Debugger pin code: 212-724-114
INFO:werkzeug: * Detected change in '/Users/pedro-reynolds-cuellar/GitHub/MAS.500/MediaCloud-Flask-Example/mcserver.py', reloading
INFO:werkzeug: * Restarting with stat
INFO:root:Starting the MediaCloud example Flask app!
WARNING:werkzeug: * Debugger is active!
INFO:werkzeug: * Debugger pin code: 212-724-114
DEBUG:mediacloud.api:query GET to https://api.mediacloud.org/api/v2/sentences/count with {'fq': ['publish_date:[2016-01-29T00:00:00Z TO 2016-11-29T00:00:00Z}', 'media_sets_id:1'], 'split_start_date': '2016-1-29', 'split_end_date': '2016-11-29', 'q': u'trump', 'split': 1, 'split_daily': 0}
INFO:requests.packages.urllib3.connectionpool:Starting new HTTPS connection (1): api.mediacloud.org
DEBUG:requests.packages.urllib3.connectionpool:"GET /api/v2/sentences/count?fq=publish_date%3A%5B2016-01-29T00%3A00%3A00Z+TO+2016-11-29T00%3A00%3A00Z%7D&fq=media_sets_id%3A1&split_start_date=2016-1-29&split_end_date=2016-11-29&q=trump&split=1&key=48d9fd877527e6c8c5ff25553c124b1634b8b2926310e2d259d6518221e2a5f2&split_daily=0 HTTP/1.1" 500 204
INFO:mediacloud.api:Bad HTTP response to https://api.mediacloud.org/api/v2/sentences/count?fq=publish_date%3A%5B2016-01-29T00%3A00%3A00Z+TO+2016-11-29T00%3A00%3A00Z%7D&fq=media_sets_id%3A1&split_start_date=2016-1-29&split_end_date=2016-11-29&q=trump&split=1&key=48d9fd877527e6c8c5ff25553c124b1634b8b2926310e2d259d6518221e2a5f2&split_daily=0 : 500 Internal Server Error
INFO:mediacloud.api:	{"error":"Error(s): Caught exception in MediaWords::Controller::Api::V2::Sentences->count \"split_start_date must be in the format YYYY-MM-DD at lib/MediaWords/Controller/Api/V2/Sentences.pm line 234.\""}
INFO:werkzeug:127.0.0.1 - - [02/Dec/2016 11:13:00] "POST /search HTTP/1.1" 500 -
INFO:werkzeug:127.0.0.1 - - [02/Dec/2016 11:13:00] "GET /search?__debugger__=yes&cmd=resource&f=style.css HTTP/1.1" 404 -
INFO:werkzeug:127.0.0.1 - - [02/Dec/2016 11:13:00] "GET /search?__debugger__=yes&cmd=resource&f=jquery.js HTTP/1.1" 404 -
INFO:werkzeug:127.0.0.1 - - [02/Dec/2016 11:13:00] "GET /search?__debugger__=yes&cmd=resource&f=debugger.js HTTP/1.1" 404 -
INFO:werkzeug: * Detected change in '/Users/pedro-reynolds-cuellar/GitHub/MAS.500/MediaCloud-Flask-Example/mcserver.py', reloading
INFO:werkzeug: * Restarting with stat
INFO:root:Starting the MediaCloud example Flask app!
WARNING:werkzeug: * Debugger is active!
INFO:werkzeug: * Debugger pin code: 212-724-114
INFO:werkzeug: * Detected change in '/Users/pedro-reynolds-cuellar/GitHub/MAS.500/MediaCloud-Flask-Example/mcserver.py', reloading
INFO:werkzeug: * Restarting with stat
INFO:root:Starting the MediaCloud example Flask app!
WARNING:werkzeug: * Debugger is active!
INFO:werkzeug: * Debugger pin code: 212-724-114
INFO:werkzeug: * Detected change in '/Users/pedro-reynolds-cuellar/GitHub/MAS.500/MediaCloud-Flask-Example/mcserver.py', reloading
INFO:werkzeug: * Restarting with stat
INFO:root:Starting the MediaCloud example Flask app!
WARNING:werkzeug: * Debugger is active!
INFO:werkzeug: * Debugger pin code: 212-724-114
DEBUG:mediacloud.api:query GET to https://api.mediacloud.org/api/v2/sentences/count with {'fq': ['publish_date:[2016-01-29T00:00:00Z TO 2016-11-29T00:00:00Z}', 'media_sets_id:1'], 'split_start_date': '2016-01-29', 'split_end_date': '2016-11-29', 'q': u'trump', 'split': 1, 'split_daily': 0}
INFO:requests.packages.urllib3.connectionpool:Starting new HTTPS connection (1): api.mediacloud.org
DEBUG:requests.packages.urllib3.connectionpool:"GET /api/v2/sentences/count?fq=publish_date%3A%5B2016-01-29T00%3A00%3A00Z+TO+2016-11-29T00%3A00%3A00Z%7D&fq=media_sets_id%3A1&split_start_date=2016-01-29&split_end_date=2016-11-29&q=trump&split=1&key=48d9fd877527e6c8c5ff25553c124b1634b8b2926310e2d259d6518221e2a5f2&split_daily=0 HTTP/1.1" 200 1241
INFO:werkzeug:127.0.0.1 - - [02/Dec/2016 11:14:18] "POST /search HTTP/1.1" 200 -
INFO:werkzeug: * Detected change in '/Users/pedro-reynolds-cuellar/GitHub/MAS.500/MediaCloud-Flask-Example/mcserver.py', reloading
INFO:werkzeug: * Restarting with stat
INFO:root:Starting the MediaCloud example Flask app!
WARNING:werkzeug: * Debugger is active!
INFO:werkzeug: * Debugger pin code: 212-724-114
INFO:root:Starting the MediaCloud example Flask app!
INFO:werkzeug: * Running on http://127.0.0.1:5000/ (Press CTRL+C to quit)
INFO:werkzeug: * Restarting with stat
INFO:root:Starting the MediaCloud example Flask app!
WARNING:werkzeug: * Debugger is active!
INFO:werkzeug: * Debugger pin code: 212-724-114
DEBUG:mediacloud.api:query GET to https://api.mediacloud.org/api/v2/sentences/count with {'fq': ['publish_date:[2016-01-29T00:00:00Z TO 2016-11-29T00:00:00Z}', 'media_sets_id:1'], 'split_start_date': '2016-01-29', 'split_end_date': '2016-11-29', 'q': u'trump', 'split': 1, 'split_daily': 0}
INFO:requests.packages.urllib3.connectionpool:Starting new HTTPS connection (1): api.mediacloud.org
DEBUG:requests.packages.urllib3.connectionpool:"GET /api/v2/sentences/count?fq=publish_date%3A%5B2016-01-29T00%3A00%3A00Z+TO+2016-11-29T00%3A00%3A00Z%7D&fq=media_sets_id%3A1&split_start_date=2016-01-29&split_end_date=2016-11-29&q=trump&split=1&key=48d9fd877527e6c8c5ff25553c124b1634b8b2926310e2d259d6518221e2a5f2&split_daily=0 HTTP/1.1" 200 1241
INFO:werkzeug:127.0.0.1 - - [02/Dec/2016 11:15:11] "POST /search HTTP/1.1" 200 -
INFO:werkzeug: * Detected change in '/Users/pedro-reynolds-cuellar/GitHub/MAS.500/MediaCloud-Flask-Example/mcserver.py', reloading
INFO:werkzeug: * Restarting with stat
INFO:root:Starting the MediaCloud example Flask app!
WARNING:werkzeug: * Debugger is active!
INFO:werkzeug: * Debugger pin code: 212-724-114
INFO:werkzeug: * Detected change in '/Users/pedro-reynolds-cuellar/GitHub/MAS.500/MediaCloud-Flask-Example/mcserver.py', reloading
INFO:werkzeug: * Restarting with stat
INFO:root:Starting the MediaCloud example Flask app!
WARNING:werkzeug: * Debugger is active!
INFO:werkzeug: * Debugger pin code: 212-724-114
INFO:root:Starting the MediaCloud example Flask app!
INFO:werkzeug: * Running on http://127.0.0.1:5000/ (Press CTRL+C to quit)
INFO:werkzeug: * Restarting with stat
INFO:root:Starting the MediaCloud example Flask app!
WARNING:werkzeug: * Debugger is active!
INFO:werkzeug: * Debugger pin code: 212-724-114
DEBUG:mediacloud.api:query GET to https://api.mediacloud.org/api/v2/sentences/count with {'fq': ['publish_date:[2016-01-29T00:00:00Z TO 2016-11-29T00:00:00Z}', 'media_sets_id:1'], 'split_start_date': '2016-01-29', 'split_end_date': '2016-11-29', 'q': u'trump', 'split': 1, 'split_daily': 0}
INFO:requests.packages.urllib3.connectionpool:Starting new HTTPS connection (1): api.mediacloud.org
DEBUG:requests.packages.urllib3.connectionpool:"GET /api/v2/sentences/count?fq=publish_date%3A%5B2016-01-29T00%3A00%3A00Z+TO+2016-11-29T00%3A00%3A00Z%7D&fq=media_sets_id%3A1&split_start_date=2016-01-29&split_end_date=2016-11-29&q=trump&split=1&key=48d9fd877527e6c8c5ff25553c124b1634b8b2926310e2d259d6518221e2a5f2&split_daily=0 HTTP/1.1" 200 1241
INFO:werkzeug:127.0.0.1 - - [02/Dec/2016 11:18:29] "POST /search HTTP/1.1" 200 -
INFO:werkzeug: * Detected change in '/Users/pedro-reynolds-cuellar/GitHub/MAS.500/MediaCloud-Flask-Example/mcserver.py', reloading
INFO:werkzeug: * Restarting with stat
INFO:root:Starting the MediaCloud example Flask app!
WARNING:werkzeug: * Debugger is active!
INFO:werkzeug: * Debugger pin code: 212-724-114
INFO:werkzeug: * Detected change in '/Users/pedro-reynolds-cuellar/GitHub/MAS.500/MediaCloud-Flask-Example/mcserver.py', reloading
INFO:werkzeug: * Restarting with stat
INFO:root:Starting the MediaCloud example Flask app!
WARNING:werkzeug: * Debugger is active!
INFO:werkzeug: * Debugger pin code: 212-724-114
INFO:werkzeug: * Detected change in '/Users/pedro-reynolds-cuellar/GitHub/MAS.500/MediaCloud-Flask-Example/mcserver.py', reloading
INFO:werkzeug: * Restarting with stat
INFO:root:Starting the MediaCloud example Flask app!
WARNING:werkzeug: * Debugger is active!
INFO:werkzeug: * Debugger pin code: 212-724-114
INFO:werkzeug: * Detected change in '/Users/pedro-reynolds-cuellar/GitHub/MAS.500/MediaCloud-Flask-Example/mcserver.py', reloading
INFO:werkzeug: * Restarting with stat
INFO:root:Starting the MediaCloud example Flask app!
WARNING:werkzeug: * Debugger is active!
INFO:werkzeug: * Debugger pin code: 212-724-114
INFO:werkzeug: * Detected change in '/Users/pedro-reynolds-cuellar/GitHub/MAS.500/MediaCloud-Flask-Example/mcserver.py', reloading
INFO:werkzeug: * Restarting with stat
INFO:root:Starting the MediaCloud example Flask app!
WARNING:werkzeug: * Debugger is active!
INFO:werkzeug: * Debugger pin code: 212-724-114
INFO:werkzeug: * Detected change in '/Users/pedro-reynolds-cuellar/GitHub/MAS.500/MediaCloud-Flask-Example/mcserver.py', reloading
INFO:werkzeug: * Restarting with stat
INFO:root:Starting the MediaCloud example Flask app!
WARNING:werkzeug: * Debugger is active!
INFO:werkzeug: * Debugger pin code: 212-724-114
INFO:root:Starting the MediaCloud example Flask app!
INFO:werkzeug: * Running on http://127.0.0.1:5000/ (Press CTRL+C to quit)
INFO:werkzeug: * Restarting with stat
INFO:root:Starting the MediaCloud example Flask app!
WARNING:werkzeug: * Debugger is active!
INFO:werkzeug: * Debugger pin code: 212-724-114
DEBUG:mediacloud.api:query GET to https://api.mediacloud.org/api/v2/sentences/count with {'fq': ['publish_date:[2016-01-29T00:00:00Z TO 2016-11-29T00:00:00Z}', 'media_sets_id:1'], 'split_start_date': '2016-01-29', 'split_end_date': '2016-11-29', 'q': u'trump', 'split': 1, 'split_daily': 0}
INFO:requests.packages.urllib3.connectionpool:Starting new HTTPS connection (1): api.mediacloud.org
DEBUG:requests.packages.urllib3.connectionpool:"GET /api/v2/sentences/count?fq=publish_date%3A%5B2016-01-29T00%3A00%3A00Z+TO+2016-11-29T00%3A00%3A00Z%7D&fq=media_sets_id%3A1&split_start_date=2016-01-29&split_end_date=2016-11-29&q=trump&split=1&key=48d9fd877527e6c8c5ff25553c124b1634b8b2926310e2d259d6518221e2a5f2&split_daily=0 HTTP/1.1" 200 1241
INFO:werkzeug:127.0.0.1 - - [02/Dec/2016 11:32:29] "POST /search HTTP/1.1" 500 -
INFO:werkzeug:127.0.0.1 - - [02/Dec/2016 11:32:29] "GET /search?__debugger__=yes&cmd=resource&f=style.css HTTP/1.1" 404 -
INFO:werkzeug:127.0.0.1 - - [02/Dec/2016 11:32:29] "GET /search?__debugger__=yes&cmd=resource&f=jquery.js HTTP/1.1" 404 -
INFO:werkzeug:127.0.0.1 - - [02/Dec/2016 11:32:29] "GET /search?__debugger__=yes&cmd=resource&f=debugger.js HTTP/1.1" 404 -
INFO:werkzeug: * Detected change in '/Users/pedro-reynolds-cuellar/GitHub/MAS.500/MediaCloud-Flask-Example/mcserver.py', reloading
INFO:werkzeug: * Restarting with stat
INFO:root:Starting the MediaCloud example Flask app!
WARNING:werkzeug: * Debugger is active!
INFO:werkzeug: * Debugger pin code: 212-724-114
INFO:werkzeug: * Detected change in '/Users/pedro-reynolds-cuellar/GitHub/MAS.500/MediaCloud-Flask-Example/mcserver.py', reloading
INFO:werkzeug: * Restarting with stat
INFO:root:Starting the MediaCloud example Flask app!
WARNING:werkzeug: * Debugger is active!
INFO:werkzeug: * Debugger pin code: 212-724-114
INFO:werkzeug: * Detected change in '/Users/pedro-reynolds-cuellar/GitHub/MAS.500/MediaCloud-Flask-Example/mcserver.py', reloading
INFO:werkzeug: * Restarting with stat
INFO:root:Starting the MediaCloud example Flask app!
WARNING:werkzeug: * Debugger is active!
INFO:werkzeug: * Debugger pin code: 212-724-114
INFO:werkzeug: * Detected change in '/Users/pedro-reynolds-cuellar/GitHub/MAS.500/MediaCloud-Flask-Example/mcserver.py', reloading
INFO:werkzeug: * Restarting with stat
INFO:root:Starting the MediaCloud example Flask app!
WARNING:werkzeug: * Debugger is active!
INFO:werkzeug: * Debugger pin code: 212-724-114
DEBUG:mediacloud.api:query GET to https://api.mediacloud.org/api/v2/sentences/count with {'fq': ['publish_date:[2016-01-29T00:00:00Z TO 2016-11-29T00:00:00Z}', 'media_sets_id:1'], 'split_start_date': '2016-01-29', 'split_end_date': '2016-11-29', 'q': u'trump', 'split': 1, 'split_daily': 0}
INFO:requests.packages.urllib3.connectionpool:Starting new HTTPS connection (1): api.mediacloud.org
DEBUG:requests.packages.urllib3.connectionpool:"GET /api/v2/sentences/count?fq=publish_date%3A%5B2016-01-29T00%3A00%3A00Z+TO+2016-11-29T00%3A00%3A00Z%7D&fq=media_sets_id%3A1&split_start_date=2016-01-29&split_end_date=2016-11-29&q=trump&split=1&key=48d9fd877527e6c8c5ff25553c124b1634b8b2926310e2d259d6518221e2a5f2&split_daily=0 HTTP/1.1" 200 1241
INFO:werkzeug:127.0.0.1 - - [02/Dec/2016 11:33:39] "POST /search HTTP/1.1" 500 -
INFO:werkzeug:127.0.0.1 - - [02/Dec/2016 11:33:39] "GET /search?__debugger__=yes&cmd=resource&f=style.css HTTP/1.1" 404 -
INFO:werkzeug:127.0.0.1 - - [02/Dec/2016 11:33:39] "GET /search?__debugger__=yes&cmd=resource&f=jquery.js HTTP/1.1" 404 -
INFO:werkzeug:127.0.0.1 - - [02/Dec/2016 11:33:39] "GET /search?__debugger__=yes&cmd=resource&f=debugger.js HTTP/1.1" 404 -
INFO:werkzeug: * Detected change in '/Users/pedro-reynolds-cuellar/GitHub/MAS.500/MediaCloud-Flask-Example/mcserver.py', reloading
INFO:werkzeug: * Restarting with stat
INFO:root:Starting the MediaCloud example Flask app!
WARNING:werkzeug: * Debugger is active!
INFO:werkzeug: * Debugger pin code: 212-724-114
DEBUG:mediacloud.api:query GET to https://api.mediacloud.org/api/v2/sentences/count with {'fq': ['publish_date:[2016-01-29T00:00:00Z TO 2016-11-29T00:00:00Z}', 'media_sets_id:1'], 'split_start_date': '2016-01-29', 'split_end_date': '2016-11-29', 'q': u'trump', 'split': 1, 'split_daily': 0}
INFO:requests.packages.urllib3.connectionpool:Starting new HTTPS connection (1): api.mediacloud.org
DEBUG:requests.packages.urllib3.connectionpool:"GET /api/v2/sentences/count?fq=publish_date%3A%5B2016-01-29T00%3A00%3A00Z+TO+2016-11-29T00%3A00%3A00Z%7D&fq=media_sets_id%3A1&split_start_date=2016-01-29&split_end_date=2016-11-29&q=trump&split=1&key=48d9fd877527e6c8c5ff25553c124b1634b8b2926310e2d259d6518221e2a5f2&split_daily=0 HTTP/1.1" 200 1241
INFO:werkzeug:127.0.0.1 - - [02/Dec/2016 11:34:21] "POST /search HTTP/1.1" 200 -
INFO:werkzeug: * Detected change in '/Users/pedro-reynolds-cuellar/GitHub/MAS.500/MediaCloud-Flask-Example/mcserver.py', reloading
INFO:werkzeug: * Restarting with stat
INFO:root:Starting the MediaCloud example Flask app!
WARNING:werkzeug: * Debugger is active!
INFO:werkzeug: * Debugger pin code: 212-724-114
DEBUG:mediacloud.api:query GET to https://api.mediacloud.org/api/v2/sentences/count with {'fq': ['publish_date:[2016-01-29T00:00:00Z TO 2016-11-29T00:00:00Z}', 'media_sets_id:1'], 'split_start_date': '2016-01-29', 'split_end_date': '2016-11-29', 'q': u'clinton', 'split': 1, 'split_daily': 0}
INFO:requests.packages.urllib3.connectionpool:Starting new HTTPS connection (1): api.mediacloud.org
DEBUG:requests.packages.urllib3.connectionpool:"GET /api/v2/sentences/count?fq=publish_date%3A%5B2016-01-29T00%3A00%3A00Z+TO+2016-11-29T00%3A00%3A00Z%7D&fq=media_sets_id%3A1&split_start_date=2016-01-29&split_end_date=2016-11-29&q=clinton&split=1&key=48d9fd877527e6c8c5ff25553c124b1634b8b2926310e2d259d6518221e2a5f2&split_daily=0 HTTP/1.1" 200 1235
INFO:werkzeug:127.0.0.1 - - [02/Dec/2016 11:37:44] "POST /search HTTP/1.1" 200 -
INFO:werkzeug:127.0.0.1 - - [02/Dec/2016 11:37:44] "GET / HTTP/1.1" 200 -
DEBUG:mediacloud.api:query GET to https://api.mediacloud.org/api/v2/sentences/count with {'fq': ['publish_date:[2016-01-29T00:00:00Z TO 2016-11-29T00:00:00Z}', 'media_sets_id:1'], 'split_start_date': '2016-01-29', 'split_end_date': '2016-11-29', 'q': u'clinton', 'split': 1, 'split_daily': 0}
INFO:requests.packages.urllib3.connectionpool:Starting new HTTPS connection (1): api.mediacloud.org
DEBUG:requests.packages.urllib3.connectionpool:"GET /api/v2/sentences/count?fq=publish_date%3A%5B2016-01-29T00%3A00%3A00Z+TO+2016-11-29T00%3A00%3A00Z%7D&fq=media_sets_id%3A1&split_start_date=2016-01-29&split_end_date=2016-11-29&q=clinton&split=1&key=48d9fd877527e6c8c5ff25553c124b1634b8b2926310e2d259d6518221e2a5f2&split_daily=0 HTTP/1.1" 200 1235
INFO:werkzeug:127.0.0.1 - - [02/Dec/2016 11:37:44] "POST /search HTTP/1.1" 200 -
INFO:root:Starting the MediaCloud example Flask app!
INFO:werkzeug: * Running on http://127.0.0.1:5000/ (Press CTRL+C to quit)
INFO:werkzeug: * Restarting with stat
INFO:root:Starting the MediaCloud example Flask app!
WARNING:werkzeug: * Debugger is active!
INFO:werkzeug: * Debugger pin code: 212-724-114
INFO:werkzeug:127.0.0.1 - - [02/Dec/2016 11:38:37] "GET / HTTP/1.1" 200 -
DEBUG:mediacloud.api:query GET to https://api.mediacloud.org/api/v2/sentences/count with {'fq': ['publish_date:[2016-01-29T00:00:00Z TO 2016-11-29T00:00:00Z}', 'media_sets_id:1'], 'split_start_date': '2016-01-29', 'split_end_date': '2016-11-29', 'q': u'colbert', 'split': 1, 'split_daily': 0}
INFO:requests.packages.urllib3.connectionpool:Starting new HTTPS connection (1): api.mediacloud.org
DEBUG:requests.packages.urllib3.connectionpool:"GET /api/v2/sentences/count?fq=publish_date%3A%5B2016-01-29T00%3A00%3A00Z+TO+2016-11-29T00%3A00%3A00Z%7D&fq=media_sets_id%3A1&split_start_date=2016-01-29&split_end_date=2016-11-29&q=colbert&split=1&key=48d9fd877527e6c8c5ff25553c124b1634b8b2926310e2d259d6518221e2a5f2&split_daily=0 HTTP/1.1" 200 1215
INFO:werkzeug:127.0.0.1 - - [02/Dec/2016 11:39:48] "POST /search HTTP/1.1" 200 -
INFO:werkzeug: * Detected change in '/Users/pedro-reynolds-cuellar/GitHub/MAS.500/MediaCloud-Flask-Example/mcserver.py', reloading
INFO:werkzeug: * Restarting with stat
INFO:root:Starting the MediaCloud example Flask app!
WARNING:werkzeug: * Debugger is active!
INFO:werkzeug: * Debugger pin code: 212-724-114
DEBUG:mediacloud.api:query GET to https://api.mediacloud.org/api/v2/sentences/count with {'fq': ['publish_date:[2016-01-29T00:00:00Z TO 2016-11-29T00:00:00Z}', 'media_sets_id:1'], 'split_start_date': '2016-01-29', 'split_end_date': '2016-11-29', 'q': u'clinton', 'split': 1, 'split_daily': 0}
INFO:requests.packages.urllib3.connectionpool:Starting new HTTPS connection (1): api.mediacloud.org
DEBUG:requests.packages.urllib3.connectionpool:"GET /api/v2/sentences/count?fq=publish_date%3A%5B2016-01-29T00%3A00%3A00Z+TO+2016-11-29T00%3A00%3A00Z%7D&fq=media_sets_id%3A1&split_start_date=2016-01-29&split_end_date=2016-11-29&q=clinton&split=1&key=48d9fd877527e6c8c5ff25553c124b1634b8b2926310e2d259d6518221e2a5f2&split_daily=0 HTTP/1.1" 200 1235
INFO:werkzeug:127.0.0.1 - - [02/Dec/2016 11:40:30] "POST /search HTTP/1.1" 200 -
INFO:root:Starting the MediaCloud example Flask app!
INFO:werkzeug: * Running on http://127.0.0.1:5000/ (Press CTRL+C to quit)
INFO:werkzeug: * Restarting with stat
INFO:root:Starting the MediaCloud example Flask app!
WARNING:werkzeug: * Debugger is active!
INFO:werkzeug: * Debugger pin code: 212-724-114
DEBUG:mediacloud.api:query GET to https://api.mediacloud.org/api/v2/sentences/count with {'fq': ['publish_date:[2016-01-29T00:00:00Z TO 2016-11-29T00:00:00Z}', 'media_sets_id:1'], 'split_start_date': '2016-01-29', 'split_end_date': '2016-11-29', 'q': u'clinton', 'split': 1, 'split_daily': 0}
INFO:requests.packages.urllib3.connectionpool:Starting new HTTPS connection (1): api.mediacloud.org
DEBUG:requests.packages.urllib3.connectionpool:"GET /api/v2/sentences/count?fq=publish_date%3A%5B2016-01-29T00%3A00%3A00Z+TO+2016-11-29T00%3A00%3A00Z%7D&fq=media_sets_id%3A1&split_start_date=2016-01-29&split_end_date=2016-11-29&q=clinton&split=1&key=48d9fd877527e6c8c5ff25553c124b1634b8b2926310e2d259d6518221e2a5f2&split_daily=0 HTTP/1.1" 200 1235
INFO:werkzeug:127.0.0.1 - - [02/Dec/2016 11:43:01] "POST /search HTTP/1.1" 200 -
INFO:werkzeug:127.0.0.1 - - [02/Dec/2016 12:09:28] "GET / HTTP/1.1" 200 -
INFO:root:Starting the MediaCloud example Flask app!
INFO:werkzeug: * Running on http://127.0.0.1:5000/ (Press CTRL+C to quit)
INFO:werkzeug: * Restarting with stat
INFO:root:Starting the MediaCloud example Flask app!
WARNING:werkzeug: * Debugger is active!
INFO:werkzeug: * Debugger pin code: 212-724-114
DEBUG:mediacloud.api:query GET to https://api.mediacloud.org/api/v2/sentences/count with {'fq': ['publish_date:[2016-01-29T00:00:00Z TO 2016-11-29T00:00:00Z}', 'media_sets_id:1'], 'split_start_date': '2016-01-29', 'split_end_date': '2016-11-29', 'q': u'trump', 'split': 1, 'split_daily': 0}
INFO:requests.packages.urllib3.connectionpool:Starting new HTTPS connection (1): api.mediacloud.org
DEBUG:requests.packages.urllib3.connectionpool:"GET /api/v2/sentences/count?fq=publish_date%3A%5B2016-01-29T00%3A00%3A00Z+TO+2016-11-29T00%3A00%3A00Z%7D&fq=media_sets_id%3A1&split_start_date=2016-01-29&split_end_date=2016-11-29&q=trump&split=1&key=48d9fd877527e6c8c5ff25553c124b1634b8b2926310e2d259d6518221e2a5f2&split_daily=0 HTTP/1.1" 200 1241
INFO:werkzeug:127.0.0.1 - - [02/Dec/2016 14:06:53] "POST /search HTTP/1.1" 200 -
INFO:werkzeug: * Detected change in '/Users/pedro-reynolds-cuellar/GitHub/MAS.500/MediaCloud-Flask-Example/mcserver.py', reloading
INFO:werkzeug: * Restarting with stat
INFO:root:Starting the MediaCloud example Flask app!
WARNING:werkzeug: * Debugger is active!
INFO:werkzeug: * Debugger pin code: 212-724-114
DEBUG:mediacloud.api:query GET to https://api.mediacloud.org/api/v2/sentences/count with {'fq': ['publish_date:[2016-01-29T00:00:00Z TO 2016-11-29T00:00:00Z}', 'media_sets_id:1'], 'split_start_date': '2016-01-29', 'split_end_date': '2016-11-29', 'q': u'trump', 'split': 1, 'split_daily': 0}
INFO:requests.packages.urllib3.connectionpool:Starting new HTTPS connection (1): api.mediacloud.org
DEBUG:requests.packages.urllib3.connectionpool:"GET /api/v2/sentences/count?fq=publish_date%3A%5B2016-01-29T00%3A00%3A00Z+TO+2016-11-29T00%3A00%3A00Z%7D&fq=media_sets_id%3A1&split_start_date=2016-01-29&split_end_date=2016-11-29&q=trump&split=1&key=48d9fd877527e6c8c5ff25553c124b1634b8b2926310e2d259d6518221e2a5f2&split_daily=0 HTTP/1.1" 200 1241
INFO:werkzeug:127.0.0.1 - - [02/Dec/2016 14:10:36] "POST /search HTTP/1.1" 200 -
INFO:root:Starting the MediaCloud example Flask app!
INFO:werkzeug: * Running on http://127.0.0.1:5000/ (Press CTRL+C to quit)
INFO:werkzeug: * Restarting with stat
INFO:root:Starting the MediaCloud example Flask app!
WARNING:werkzeug: * Debugger is active!
INFO:werkzeug: * Debugger pin code: 212-724-114
DEBUG:mediacloud.api:query GET to https://api.mediacloud.org/api/v2/sentences/count with {'fq': ['publish_date:[2016-01-29T00:00:00Z TO 2016-11-29T00:00:00Z}', 'media_sets_id:1'], 'split_start_date': '2016-01-29', 'split_end_date': '2016-11-29', 'q': u'trump', 'split': 1, 'split_daily': 0}
INFO:requests.packages.urllib3.connectionpool:Starting new HTTPS connection (1): api.mediacloud.org
DEBUG:requests.packages.urllib3.connectionpool:"GET /api/v2/sentences/count?fq=publish_date%3A%5B2016-01-29T00%3A00%3A00Z+TO+2016-11-29T00%3A00%3A00Z%7D&fq=media_sets_id%3A1&split_start_date=2016-01-29&split_end_date=2016-11-29&q=trump&split=1&key=48d9fd877527e6c8c5ff25553c124b1634b8b2926310e2d259d6518221e2a5f2&split_daily=0 HTTP/1.1" 200 1241
INFO:werkzeug:127.0.0.1 - - [02/Dec/2016 14:11:01] "POST /search HTTP/1.1" 200 -
INFO:werkzeug: * Detected change in '/Users/pedro-reynolds-cuellar/GitHub/MAS.500/MediaCloud-Flask-Example/mcserver.py', reloading
INFO:werkzeug: * Restarting with stat
INFO:root:Starting the MediaCloud example Flask app!
WARNING:werkzeug: * Debugger is active!
INFO:werkzeug: * Debugger pin code: 212-724-114
DEBUG:mediacloud.api:query GET to https://api.mediacloud.org/api/v2/sentences/count with {'fq': ['publish_date:[2016-01-29T00:00:00Z TO 2016-11-29T00:00:00Z}', 'media_sets_id:1'], 'split_start_date': '2016-01-29', 'split_end_date': '2016-11-29', 'q': u'trump', 'split': 1, 'split_daily': 0}
INFO:requests.packages.urllib3.connectionpool:Starting new HTTPS connection (1): api.mediacloud.org
DEBUG:requests.packages.urllib3.connectionpool:"GET /api/v2/sentences/count?fq=publish_date%3A%5B2016-01-29T00%3A00%3A00Z+TO+2016-11-29T00%3A00%3A00Z%7D&fq=media_sets_id%3A1&split_start_date=2016-01-29&split_end_date=2016-11-29&q=trump&split=1&key=48d9fd877527e6c8c5ff25553c124b1634b8b2926310e2d259d6518221e2a5f2&split_daily=0 HTTP/1.1" 200 1241
INFO:werkzeug:127.0.0.1 - - [02/Dec/2016 14:16:04] "POST /search HTTP/1.1" 200 -
INFO:werkzeug: * Detected change in '/Users/pedro-reynolds-cuellar/GitHub/MAS.500/MediaCloud-Flask-Example/mcserver.py', reloading
INFO:werkzeug: * Restarting with stat
INFO:root:Starting the MediaCloud example Flask app!
WARNING:werkzeug: * Debugger is active!
INFO:werkzeug: * Debugger pin code: 212-724-114
DEBUG:mediacloud.api:query GET to https://api.mediacloud.org/api/v2/sentences/count with {'fq': ['publish_date:[2016-01-29T00:00:00Z TO 2016-11-29T00:00:00Z}', 'media_sets_id:1'], 'split_start_date': '2016-01-29', 'split_end_date': '2016-11-29', 'q': u'trump', 'split': 1, 'split_daily': 0}
INFO:requests.packages.urllib3.connectionpool:Starting new HTTPS connection (1): api.mediacloud.org
DEBUG:requests.packages.urllib3.connectionpool:"GET /api/v2/sentences/count?fq=publish_date%3A%5B2016-01-29T00%3A00%3A00Z+TO+2016-11-29T00%3A00%3A00Z%7D&fq=media_sets_id%3A1&split_start_date=2016-01-29&split_end_date=2016-11-29&q=trump&split=1&key=48d9fd877527e6c8c5ff25553c124b1634b8b2926310e2d259d6518221e2a5f2&split_daily=0 HTTP/1.1" 200 1241
INFO:werkzeug:127.0.0.1 - - [02/Dec/2016 14:16:47] "POST /search HTTP/1.1" 200 -
INFO:root:Starting the MediaCloud example Flask app!
INFO:werkzeug: * Running on http://127.0.0.1:5000/ (Press CTRL+C to quit)
INFO:werkzeug: * Restarting with stat
INFO:root:Starting the MediaCloud example Flask app!
WARNING:werkzeug: * Debugger is active!
INFO:werkzeug: * Debugger pin code: 212-724-114
INFO:werkzeug:127.0.0.1 - - [03/Dec/2016 09:03:43] "GET / HTTP/1.1" 200 -
DEBUG:mediacloud.api:query GET to https://api.mediacloud.org/api/v2/sentences/count with {'fq': ['publish_date:[2016-01-29T00:00:00Z TO 2016-11-29T00:00:00Z}', 'media_sets_id:1'], 'split_start_date': '2016-01-29', 'split_end_date': '2016-11-29', 'q': u'trump', 'split': 1, 'split_daily': 0}
INFO:requests.packages.urllib3.connectionpool:Starting new HTTPS connection (1): api.mediacloud.org
DEBUG:requests.packages.urllib3.connectionpool:"GET /api/v2/sentences/count?fq=publish_date%3A%5B2016-01-29T00%3A00%3A00Z+TO+2016-11-29T00%3A00%3A00Z%7D&fq=media_sets_id%3A1&split_start_date=2016-01-29&split_end_date=2016-11-29&q=trump&split=1&key=48d9fd877527e6c8c5ff25553c124b1634b8b2926310e2d259d6518221e2a5f2&split_daily=0 HTTP/1.1" 200 1241
INFO:werkzeug:127.0.0.1 - - [03/Dec/2016 09:03:56] "POST /search HTTP/1.1" 200 -
INFO:werkzeug: * Detected change in '/Users/pedro-reynolds-cuellar/GitHub/MAS.500/MediaCloud-Flask-Example/mcserver.py', reloading
INFO:werkzeug: * Restarting with stat
INFO:root:Starting the MediaCloud example Flask app!
WARNING:werkzeug: * Debugger is active!
INFO:werkzeug: * Debugger pin code: 212-724-114
INFO:werkzeug: * Detected change in '/Users/pedro-reynolds-cuellar/GitHub/MAS.500/MediaCloud-Flask-Example/mcserver.py', reloading
INFO:werkzeug: * Restarting with stat
INFO:root:Starting the MediaCloud example Flask app!
WARNING:werkzeug: * Debugger is active!
INFO:werkzeug: * Debugger pin code: 212-724-114
INFO:root:Starting the MediaCloud example Flask app!
INFO:werkzeug: * Running on http://127.0.0.1:5000/ (Press CTRL+C to quit)
INFO:werkzeug: * Restarting with stat
INFO:root:Starting the MediaCloud example Flask app!
WARNING:werkzeug: * Debugger is active!
INFO:werkzeug: * Debugger pin code: 212-724-114
DEBUG:mediacloud.api:query GET to https://api.mediacloud.org/api/v2/sentences/count with {'fq': ['publish_date:[2016-01-29T00:00:00Z TO 2016-11-29T00:00:00Z}', 'media_sets_id:1'], 'split_start_date': '2016-01-29', 'split_end_date': '2016-11-29', 'q': u'trump', 'split': 1, 'split_daily': 0}
INFO:requests.packages.urllib3.connectionpool:Starting new HTTPS connection (1): api.mediacloud.org
DEBUG:requests.packages.urllib3.connectionpool:"GET /api/v2/sentences/count?fq=publish_date%3A%5B2016-01-29T00%3A00%3A00Z+TO+2016-11-29T00%3A00%3A00Z%7D&fq=media_sets_id%3A1&split_start_date=2016-01-29&split_end_date=2016-11-29&q=trump&split=1&key=48d9fd877527e6c8c5ff25553c124b1634b8b2926310e2d259d6518221e2a5f2&split_daily=0 HTTP/1.1" 200 1241
INFO:werkzeug:127.0.0.1 - - [03/Dec/2016 09:05:37] "POST /search HTTP/1.1" 200 -
INFO:root:Starting the MediaCloud example Flask app!
INFO:werkzeug: * Running on http://127.0.0.1:5000/ (Press CTRL+C to quit)
INFO:werkzeug: * Restarting with stat
INFO:root:Starting the MediaCloud example Flask app!
WARNING:werkzeug: * Debugger is active!
INFO:werkzeug: * Debugger pin code: 212-724-114
INFO:werkzeug:127.0.0.1 - - [03/Dec/2016 09:08:02] "GET / HTTP/1.1" 200 -
DEBUG:mediacloud.api:query GET to https://api.mediacloud.org/api/v2/sentences/count with {'fq': ['publish_date:[2015-09-01T00:00:00Z TO 2016-04-01T00:00:00Z}', 'media_sets_id:1'], 'split_start_date': '2015-09-01', 'split_end_date': '2016-04-01', 'q': u'trump', 'split': 1, 'split_daily': 0}
INFO:requests.packages.urllib3.connectionpool:Starting new HTTPS connection (1): api.mediacloud.org
DEBUG:requests.packages.urllib3.connectionpool:"GET /api/v2/sentences/count?fq=publish_date%3A%5B2015-09-01T00%3A00%3A00Z+TO+2016-04-01T00%3A00%3A00Z%7D&fq=media_sets_id%3A1&split_start_date=2015-09-01&split_end_date=2016-04-01&q=trump&split=1&key=48d9fd877527e6c8c5ff25553c124b1634b8b2926310e2d259d6518221e2a5f2&split_daily=0 HTTP/1.1" 200 957
INFO:werkzeug:127.0.0.1 - - [03/Dec/2016 09:08:06] "POST /search HTTP/1.1" 200 -
INFO:werkzeug: * Detected change in '/Users/pedro-reynolds-cuellar/GitHub/MAS.500/MediaCloud-Flask-Example/mcserver.py', reloading
INFO:werkzeug: * Restarting with stat
INFO:root:Starting the MediaCloud example Flask app!
WARNING:werkzeug: * Debugger is active!
INFO:werkzeug: * Debugger pin code: 212-724-114
DEBUG:mediacloud.api:query GET to https://api.mediacloud.org/api/v2/sentences/count with {'fq': ['publish_date:[2015-09-01T00:00:00Z TO 2016-04-01T00:00:00Z}', 'media_sets_id:1'], 'split_start_date': '2015-09-01', 'split_end_date': '2016-04-01', 'q': u'trump', 'split': 1, 'split_daily': 0}
INFO:requests.packages.urllib3.connectionpool:Starting new HTTPS connection (1): api.mediacloud.org
DEBUG:requests.packages.urllib3.connectionpool:"GET /api/v2/sentences/count?fq=publish_date%3A%5B2015-09-01T00%3A00%3A00Z+TO+2016-04-01T00%3A00%3A00Z%7D&fq=media_sets_id%3A1&split_start_date=2015-09-01&split_end_date=2016-04-01&q=trump&split=1&key=48d9fd877527e6c8c5ff25553c124b1634b8b2926310e2d259d6518221e2a5f2&split_daily=0 HTTP/1.1" 200 957
INFO:werkzeug:127.0.0.1 - - [03/Dec/2016 09:09:04] "POST /search HTTP/1.1" 200 -
INFO:werkzeug: * Detected change in '/Users/pedro-reynolds-cuellar/GitHub/MAS.500/MediaCloud-Flask-Example/mcserver.py', reloading
INFO:werkzeug: * Restarting with stat
INFO:root:Starting the MediaCloud example Flask app!
WARNING:werkzeug: * Debugger is active!
INFO:werkzeug: * Debugger pin code: 212-724-114
DEBUG:mediacloud.api:query GET to https://api.mediacloud.org/api/v2/sentences/count with {'fq': ['publish_date:[2015-09-01T00:00:00Z TO 2016-04-01T00:00:00Z}', 'media_sets_id:1'], 'split_start_date': '2015-09-01', 'split_end_date': '2016-04-01', 'q': u'trump', 'split': 1, 'split_daily': 0}
INFO:requests.packages.urllib3.connectionpool:Starting new HTTPS connection (1): api.mediacloud.org
DEBUG:requests.packages.urllib3.connectionpool:"GET /api/v2/sentences/count?fq=publish_date%3A%5B2015-09-01T00%3A00%3A00Z+TO+2016-04-01T00%3A00%3A00Z%7D&fq=media_sets_id%3A1&split_start_date=2015-09-01&split_end_date=2016-04-01&q=trump&split=1&key=48d9fd877527e6c8c5ff25553c124b1634b8b2926310e2d259d6518221e2a5f2&split_daily=0 HTTP/1.1" 200 957
INFO:werkzeug:127.0.0.1 - - [03/Dec/2016 09:09:53] "POST /search HTTP/1.1" 200 -
INFO:werkzeug: * Detected change in '/Users/pedro-reynolds-cuellar/GitHub/MAS.500/MediaCloud-Flask-Example/mcserver.py', reloading
INFO:werkzeug: * Restarting with stat
INFO:root:Starting the MediaCloud example Flask app!
WARNING:werkzeug: * Debugger is active!
INFO:werkzeug: * Debugger pin code: 212-724-114
DEBUG:mediacloud.api:query GET to https://api.mediacloud.org/api/v2/sentences/count with {'fq': ['publish_date:[2015-09-01T00:00:00Z TO 2016-04-01T00:00:00Z}', 'media_sets_id:1'], 'split_start_date': '2015-09-01', 'split_end_date': '2016-04-01', 'q': u'trump', 'split': 1, 'split_daily': 0}
INFO:requests.packages.urllib3.connectionpool:Starting new HTTPS connection (1): api.mediacloud.org
DEBUG:requests.packages.urllib3.connectionpool:"GET /api/v2/sentences/count?fq=publish_date%3A%5B2015-09-01T00%3A00%3A00Z+TO+2016-04-01T00%3A00%3A00Z%7D&fq=media_sets_id%3A1&split_start_date=2015-09-01&split_end_date=2016-04-01&q=trump&split=1&key=48d9fd877527e6c8c5ff25553c124b1634b8b2926310e2d259d6518221e2a5f2&split_daily=0 HTTP/1.1" 200 957
INFO:werkzeug:127.0.0.1 - - [03/Dec/2016 09:10:43] "POST /search HTTP/1.1" 200 -
INFO:werkzeug:127.0.0.1 - - [03/Dec/2016 14:27:32] "GET / HTTP/1.1" 200 -
INFO:werkzeug:127.0.0.1 - - [03/Dec/2016 14:27:33] "GET /favicon.ico HTTP/1.1" 404 -
DEBUG:mediacloud.api:query GET to https://api.mediacloud.org/api/v2/sentences/count with {'fq': ['publish_date:[2015-09-01T00:00:00Z TO 2016-04-01T00:00:00Z}', 'media_sets_id:1'], 'split_start_date': '2015-09-01', 'split_end_date': '2016-04-01', 'q': u'trump', 'split': 1, 'split_daily': 0}
INFO:requests.packages.urllib3.connectionpool:Starting new HTTPS connection (1): api.mediacloud.org
DEBUG:requests.packages.urllib3.connectionpool:"GET /api/v2/sentences/count?fq=publish_date%3A%5B2015-09-01T00%3A00%3A00Z+TO+2016-04-01T00%3A00%3A00Z%7D&fq=media_sets_id%3A1&split_start_date=2015-09-01&split_end_date=2016-04-01&q=trump&split=1&key=48d9fd877527e6c8c5ff25553c124b1634b8b2926310e2d259d6518221e2a5f2&split_daily=0 HTTP/1.1" 200 957
INFO:werkzeug:127.0.0.1 - - [03/Dec/2016 14:27:46] "POST /search HTTP/1.1" 200 -
INFO:werkzeug: * Detected change in '/Users/pedro-reynolds-cuellar/GitHub/MAS.500/MediaCloud-Flask-Example/mcserver.py', reloading
INFO:werkzeug: * Restarting with stat
INFO:root:Starting the MediaCloud example Flask app!
WARNING:werkzeug: * Debugger is active!
INFO:werkzeug: * Debugger pin code: 212-724-114
INFO:root:Starting the MediaCloud example Flask app!
INFO:werkzeug: * Running on http://127.0.0.1:5000/ (Press CTRL+C to quit)
INFO:werkzeug: * Restarting with stat
INFO:root:Starting the MediaCloud example Flask app!
WARNING:werkzeug: * Debugger is active!
INFO:werkzeug: * Debugger pin code: 212-724-114
DEBUG:mediacloud.api:query GET to https://api.mediacloud.org/api/v2/sentences/count with {'fq': ['publish_date:[2015-09-01T00:00:00Z TO 2016-04-01T00:00:00Z}', 'media_sets_id:1'], 'split_start_date': '2015-09-01', 'split_end_date': '2016-04-01', 'q': u'trump', 'split': 1, 'split_daily': 0}
INFO:requests.packages.urllib3.connectionpool:Starting new HTTPS connection (1): api.mediacloud.org
DEBUG:requests.packages.urllib3.connectionpool:"GET /api/v2/sentences/count?fq=publish_date%3A%5B2015-09-01T00%3A00%3A00Z+TO+2016-04-01T00%3A00%3A00Z%7D&fq=media_sets_id%3A1&split_start_date=2015-09-01&split_end_date=2016-04-01&q=trump&split=1&key=48d9fd877527e6c8c5ff25553c124b1634b8b2926310e2d259d6518221e2a5f2&split_daily=0 HTTP/1.1" 200 957
INFO:werkzeug:127.0.0.1 - - [03/Dec/2016 14:44:29] "POST /search HTTP/1.1" 200 -
INFO:werkzeug: * Detected change in '/Users/pedro-reynolds-cuellar/GitHub/MAS.500/MediaCloud-Flask-Example/mcserver.py', reloading
INFO:werkzeug: * Restarting with stat
INFO:root:Starting the MediaCloud example Flask app!
WARNING:werkzeug: * Debugger is active!
INFO:werkzeug: * Debugger pin code: 212-724-114
INFO:root:Starting the MediaCloud example Flask app!
INFO:werkzeug: * Running on http://127.0.0.1:5000/ (Press CTRL+C to quit)
INFO:werkzeug: * Restarting with stat
INFO:root:Starting the MediaCloud example Flask app!
WARNING:werkzeug: * Debugger is active!
INFO:werkzeug: * Debugger pin code: 212-724-114
DEBUG:mediacloud.api:query GET to https://api.mediacloud.org/api/v2/sentences/count with {'fq': ['publish_date:[2015-09-01T00:00:00Z TO 2016-04-01T00:00:00Z}', 'media_sets_id:1'], 'split_start_date': '2015-09-01', 'split_end_date': '2016-04-01', 'q': u'trump', 'split': 1, 'split_daily': 0}
INFO:requests.packages.urllib3.connectionpool:Starting new HTTPS connection (1): api.mediacloud.org
DEBUG:requests.packages.urllib3.connectionpool:"GET /api/v2/sentences/count?fq=publish_date%3A%5B2015-09-01T00%3A00%3A00Z+TO+2016-04-01T00%3A00%3A00Z%7D&fq=media_sets_id%3A1&split_start_date=2015-09-01&split_end_date=2016-04-01&q=trump&split=1&key=48d9fd877527e6c8c5ff25553c124b1634b8b2926310e2d259d6518221e2a5f2&split_daily=0 HTTP/1.1" 200 957
INFO:werkzeug:127.0.0.1 - - [03/Dec/2016 14:46:58] "POST /search HTTP/1.1" 200 -
INFO:werkzeug: * Detected change in '/Users/pedro-reynolds-cuellar/GitHub/MAS.500/MediaCloud-Flask-Example/mcserver.py', reloading
INFO:werkzeug: * Restarting with stat
INFO:root:Starting the MediaCloud example Flask app!
WARNING:werkzeug: * Debugger is active!
INFO:werkzeug: * Debugger pin code: 212-724-114
DEBUG:mediacloud.api:query GET to https://api.mediacloud.org/api/v2/sentences/count with {'fq': ['publish_date:[2015-09-01T00:00:00Z TO 2016-04-01T00:00:00Z}', 'media_sets_id:1'], 'split_start_date': '2015-09-01', 'split_end_date': '2016-04-01', 'q': u'trump', 'split': 1, 'split_daily': 0}
INFO:requests.packages.urllib3.connectionpool:Starting new HTTPS connection (1): api.mediacloud.org
DEBUG:requests.packages.urllib3.connectionpool:"GET /api/v2/sentences/count?fq=publish_date%3A%5B2015-09-01T00%3A00%3A00Z+TO+2016-04-01T00%3A00%3A00Z%7D&fq=media_sets_id%3A1&split_start_date=2015-09-01&split_end_date=2016-04-01&q=trump&split=1&key=48d9fd877527e6c8c5ff25553c124b1634b8b2926310e2d259d6518221e2a5f2&split_daily=0 HTTP/1.1" 200 957
INFO:werkzeug:127.0.0.1 - - [03/Dec/2016 14:47:16] "POST /search HTTP/1.1" 200 -
INFO:werkzeug: * Detected change in '/Users/pedro-reynolds-cuellar/GitHub/MAS.500/MediaCloud-Flask-Example/mcserver.py', reloading
INFO:werkzeug: * Restarting with stat
INFO:root:Starting the MediaCloud example Flask app!
WARNING:werkzeug: * Debugger is active!
INFO:werkzeug: * Debugger pin code: 212-724-114
INFO:root:Starting the MediaCloud example Flask app!
INFO:werkzeug: * Running on http://127.0.0.1:5000/ (Press CTRL+C to quit)
INFO:werkzeug: * Restarting with stat
INFO:root:Starting the MediaCloud example Flask app!
WARNING:werkzeug: * Debugger is active!
INFO:werkzeug: * Debugger pin code: 212-724-114
DEBUG:mediacloud.api:query GET to https://api.mediacloud.org/api/v2/sentences/count with {'fq': ['publish_date:[2015-09-01T00:00:00Z TO 2016-04-01T00:00:00Z}', 'media_sets_id:1'], 'split_start_date': '2015-09-01', 'split_end_date': '2016-04-01', 'q': u'trump', 'split': 1, 'split_daily': 0}
INFO:requests.packages.urllib3.connectionpool:Starting new HTTPS connection (1): api.mediacloud.org
DEBUG:requests.packages.urllib3.connectionpool:"GET /api/v2/sentences/count?fq=publish_date%3A%5B2015-09-01T00%3A00%3A00Z+TO+2016-04-01T00%3A00%3A00Z%7D&fq=media_sets_id%3A1&split_start_date=2015-09-01&split_end_date=2016-04-01&q=trump&split=1&key=48d9fd877527e6c8c5ff25553c124b1634b8b2926310e2d259d6518221e2a5f2&split_daily=0 HTTP/1.1" 200 957
INFO:werkzeug:127.0.0.1 - - [03/Dec/2016 14:48:16] "POST /search HTTP/1.1" 200 -
INFO:root:Starting the MediaCloud example Flask app!
INFO:root:Starting the MediaCloud example Flask app!
INFO:werkzeug: * Running on http://127.0.0.1:5000/ (Press CTRL+C to quit)
INFO:werkzeug: * Restarting with stat
INFO:root:Starting the MediaCloud example Flask app!
WARNING:werkzeug: * Debugger is active!
INFO:werkzeug: * Debugger pin code: 212-724-114
INFO:werkzeug:127.0.0.1 - - [03/Dec/2016 15:12:37] "GET / HTTP/1.1" 200 -
DEBUG:mediacloud.api:query GET to https://api.mediacloud.org/api/v2/sentences/count with {'fq': ['publish_date:[2015-09-01T00:00:00Z TO 2016-04-01T00:00:00Z}', 'media_sets_id:1'], 'split_start_date': '2015-09-01', 'split_end_date': '2016-04-01', 'q': u'trump', 'split': 1, 'split_daily': 0}
INFO:requests.packages.urllib3.connectionpool:Starting new HTTPS connection (1): api.mediacloud.org
DEBUG:requests.packages.urllib3.connectionpool:"GET /api/v2/sentences/count?fq=publish_date%3A%5B2015-09-01T00%3A00%3A00Z+TO+2016-04-01T00%3A00%3A00Z%7D&fq=media_sets_id%3A1&split_start_date=2015-09-01&split_end_date=2016-04-01&q=trump&split=1&key=48d9fd877527e6c8c5ff25553c124b1634b8b2926310e2d259d6518221e2a5f2&split_daily=0 HTTP/1.1" 200 957
INFO:werkzeug:127.0.0.1 - - [03/Dec/2016 15:12:41] "POST /search HTTP/1.1" 200 -
INFO:werkzeug: * Detected change in '/Users/pedro-reynolds-cuellar/GitHub/MAS.500/MediaCloud-Flask-Example/mcserver.py', reloading
INFO:werkzeug: * Restarting with stat
INFO:root:Starting the MediaCloud example Flask app!
WARNING:werkzeug: * Debugger is active!
INFO:werkzeug: * Debugger pin code: 212-724-114
INFO:root:Starting the MediaCloud example Flask app!
INFO:werkzeug: * Running on http://127.0.0.1:5000/ (Press CTRL+C to quit)
INFO:werkzeug: * Restarting with stat
INFO:root:Starting the MediaCloud example Flask app!
WARNING:werkzeug: * Debugger is active!
INFO:werkzeug: * Debugger pin code: 212-724-114
DEBUG:mediacloud.api:query GET to https://api.mediacloud.org/api/v2/sentences/count with {'fq': ['publish_date:[2015-09-01T00:00:00Z TO 2016-04-01T00:00:00Z}', 'media_sets_id:1'], 'split_start_date': '2015-09-01', 'split_end_date': '2016-04-01', 'q': u'trump', 'split': 1, 'split_daily': 0}
INFO:requests.packages.urllib3.connectionpool:Starting new HTTPS connection (1): api.mediacloud.org
DEBUG:requests.packages.urllib3.connectionpool:"GET /api/v2/sentences/count?fq=publish_date%3A%5B2015-09-01T00%3A00%3A00Z+TO+2016-04-01T00%3A00%3A00Z%7D&fq=media_sets_id%3A1&split_start_date=2015-09-01&split_end_date=2016-04-01&q=trump&split=1&key=48d9fd877527e6c8c5ff25553c124b1634b8b2926310e2d259d6518221e2a5f2&split_daily=0 HTTP/1.1" 200 957
INFO:werkzeug:127.0.0.1 - - [03/Dec/2016 15:16:45] "POST /search HTTP/1.1" 200 -
INFO:werkzeug: * Detected change in '/Users/pedro-reynolds-cuellar/GitHub/MAS.500/MediaCloud-Flask-Example/mcserver.py', reloading
INFO:werkzeug: * Restarting with stat
INFO:root:Starting the MediaCloud example Flask app!
WARNING:werkzeug: * Debugger is active!
INFO:werkzeug: * Debugger pin code: 212-724-114
INFO:werkzeug: * Detected change in '/Users/pedro-reynolds-cuellar/GitHub/MAS.500/MediaCloud-Flask-Example/mcserver.py', reloading
INFO:werkzeug: * Restarting with stat
INFO:root:Starting the MediaCloud example Flask app!
WARNING:werkzeug: * Debugger is active!
INFO:werkzeug: * Debugger pin code: 212-724-114
INFO:root:Starting the MediaCloud example Flask app!
INFO:werkzeug: * Running on http://127.0.0.1:5000/ (Press CTRL+C to quit)
INFO:werkzeug: * Restarting with stat
INFO:root:Starting the MediaCloud example Flask app!
WARNING:werkzeug: * Debugger is active!
INFO:werkzeug: * Debugger pin code: 212-724-114
DEBUG:mediacloud.api:query GET to https://api.mediacloud.org/api/v2/sentences/count with {'fq': ['publish_date:[2015-09-01T00:00:00Z TO 2016-04-01T00:00:00Z}', 'media_sets_id:1'], 'split_start_date': '2015-09-01', 'split_end_date': '2016-04-01', 'q': u'trump', 'split': 1, 'split_daily': 0}
INFO:requests.packages.urllib3.connectionpool:Starting new HTTPS connection (1): api.mediacloud.org
DEBUG:requests.packages.urllib3.connectionpool:"GET /api/v2/sentences/count?fq=publish_date%3A%5B2015-09-01T00%3A00%3A00Z+TO+2016-04-01T00%3A00%3A00Z%7D&fq=media_sets_id%3A1&split_start_date=2015-09-01&split_end_date=2016-04-01&q=trump&split=1&key=48d9fd877527e6c8c5ff25553c124b1634b8b2926310e2d259d6518221e2a5f2&split_daily=0 HTTP/1.1" 200 957
INFO:werkzeug:127.0.0.1 - - [03/Dec/2016 15:18:02] "POST /search HTTP/1.1" 500 -
INFO:werkzeug:127.0.0.1 - - [03/Dec/2016 15:18:02] "GET /search?__debugger__=yes&cmd=resource&f=style.css HTTP/1.1" 404 -
INFO:werkzeug:127.0.0.1 - - [03/Dec/2016 15:18:02] "GET /search?__debugger__=yes&cmd=resource&f=jquery.js HTTP/1.1" 404 -
INFO:werkzeug:127.0.0.1 - - [03/Dec/2016 15:18:02] "GET /search?__debugger__=yes&cmd=resource&f=debugger.js HTTP/1.1" 404 -
INFO:werkzeug:127.0.0.1 - - [03/Dec/2016 15:18:03] "GET /search?__debugger__=yes&cmd=resource&f=console.png HTTP/1.1" 404 -
INFO:werkzeug: * Detected change in '/Users/pedro-reynolds-cuellar/GitHub/MAS.500/MediaCloud-Flask-Example/mcserver.py', reloading
INFO:werkzeug: * Restarting with stat
INFO:root:Starting the MediaCloud example Flask app!
WARNING:werkzeug: * Debugger is active!
INFO:werkzeug: * Debugger pin code: 212-724-114
INFO:werkzeug: * Detected change in '/Users/pedro-reynolds-cuellar/GitHub/MAS.500/MediaCloud-Flask-Example/mcserver.py', reloading
INFO:werkzeug: * Restarting with stat
INFO:root:Starting the MediaCloud example Flask app!
WARNING:werkzeug: * Debugger is active!
INFO:werkzeug: * Debugger pin code: 212-724-114
INFO:root:Starting the MediaCloud example Flask app!
INFO:werkzeug: * Running on http://127.0.0.1:5000/ (Press CTRL+C to quit)
INFO:werkzeug: * Restarting with stat
INFO:root:Starting the MediaCloud example Flask app!
WARNING:werkzeug: * Debugger is active!
INFO:werkzeug: * Debugger pin code: 212-724-114
DEBUG:mediacloud.api:query GET to https://api.mediacloud.org/api/v2/sentences/count with {'fq': ['publish_date:[2015-09-01T00:00:00Z TO 2016-04-01T00:00:00Z}', 'media_sets_id:1'], 'split_start_date': '2015-09-01', 'split_end_date': '2016-04-01', 'q': u'trump', 'split': 1, 'split_daily': 0}
INFO:requests.packages.urllib3.connectionpool:Starting new HTTPS connection (1): api.mediacloud.org
DEBUG:requests.packages.urllib3.connectionpool:"GET /api/v2/sentences/count?fq=publish_date%3A%5B2015-09-01T00%3A00%3A00Z+TO+2016-04-01T00%3A00%3A00Z%7D&fq=media_sets_id%3A1&split_start_date=2015-09-01&split_end_date=2016-04-01&q=trump&split=1&key=48d9fd877527e6c8c5ff25553c124b1634b8b2926310e2d259d6518221e2a5f2&split_daily=0 HTTP/1.1" 200 957
INFO:werkzeug:127.0.0.1 - - [03/Dec/2016 15:19:29] "POST /search HTTP/1.1" 500 -
INFO:werkzeug:127.0.0.1 - - [03/Dec/2016 15:19:29] "GET /search?__debugger__=yes&cmd=resource&f=style.css HTTP/1.1" 404 -
INFO:werkzeug:127.0.0.1 - - [03/Dec/2016 15:19:29] "GET /search?__debugger__=yes&cmd=resource&f=jquery.js HTTP/1.1" 404 -
INFO:werkzeug:127.0.0.1 - - [03/Dec/2016 15:19:29] "GET /search?__debugger__=yes&cmd=resource&f=debugger.js HTTP/1.1" 404 -
INFO:werkzeug: * Detected change in '/Users/pedro-reynolds-cuellar/GitHub/MAS.500/MediaCloud-Flask-Example/mcserver.py', reloading
INFO:werkzeug: * Restarting with stat
INFO:root:Starting the MediaCloud example Flask app!
WARNING:werkzeug: * Debugger is active!
INFO:werkzeug: * Debugger pin code: 212-724-114
INFO:root:Starting the MediaCloud example Flask app!
INFO:werkzeug: * Running on http://127.0.0.1:5000/ (Press CTRL+C to quit)
INFO:werkzeug: * Restarting with stat
INFO:root:Starting the MediaCloud example Flask app!
WARNING:werkzeug: * Debugger is active!
INFO:werkzeug: * Debugger pin code: 212-724-114
DEBUG:mediacloud.api:query GET to https://api.mediacloud.org/api/v2/sentences/count with {'fq': ['publish_date:[2015-09-01T00:00:00Z TO 2016-04-01T00:00:00Z}', 'media_sets_id:1'], 'split_start_date': '2015-09-01', 'split_end_date': '2016-04-01', 'q': u'trump', 'split': 1, 'split_daily': 0}
INFO:requests.packages.urllib3.connectionpool:Starting new HTTPS connection (1): api.mediacloud.org
DEBUG:requests.packages.urllib3.connectionpool:"GET /api/v2/sentences/count?fq=publish_date%3A%5B2015-09-01T00%3A00%3A00Z+TO+2016-04-01T00%3A00%3A00Z%7D&fq=media_sets_id%3A1&split_start_date=2015-09-01&split_end_date=2016-04-01&q=trump&split=1&key=48d9fd877527e6c8c5ff25553c124b1634b8b2926310e2d259d6518221e2a5f2&split_daily=0 HTTP/1.1" 200 957
INFO:werkzeug:127.0.0.1 - - [03/Dec/2016 15:21:38] "POST /search HTTP/1.1" 200 -
INFO:werkzeug: * Detected change in '/Users/pedro-reynolds-cuellar/GitHub/MAS.500/MediaCloud-Flask-Example/mcserver.py', reloading
INFO:werkzeug: * Restarting with stat
INFO:root:Starting the MediaCloud example Flask app!
WARNING:werkzeug: * Debugger is active!
INFO:werkzeug: * Debugger pin code: 212-724-114
INFO:root:Starting the MediaCloud example Flask app!
INFO:werkzeug: * Running on http://127.0.0.1:5000/ (Press CTRL+C to quit)
INFO:werkzeug: * Restarting with stat
INFO:root:Starting the MediaCloud example Flask app!
WARNING:werkzeug: * Debugger is active!
INFO:werkzeug: * Debugger pin code: 212-724-114
INFO:werkzeug:127.0.0.1 - - [03/Dec/2016 15:27:20] "GET / HTTP/1.1" 200 -
DEBUG:mediacloud.api:query GET to https://api.mediacloud.org/api/v2/sentences/count with {'fq': ['publish_date:[2015-09-01T00:00:00Z TO 2016-04-01T00:00:00Z}', 'media_sets_id:1'], 'split_start_date': '2015-09-01', 'split_end_date': '2016-04-01', 'q': u'trump', 'split': 1, 'split_daily': 0}
INFO:requests.packages.urllib3.connectionpool:Starting new HTTPS connection (1): api.mediacloud.org
DEBUG:requests.packages.urllib3.connectionpool:"GET /api/v2/sentences/count?fq=publish_date%3A%5B2015-09-01T00%3A00%3A00Z+TO+2016-04-01T00%3A00%3A00Z%7D&fq=media_sets_id%3A1&split_start_date=2015-09-01&split_end_date=2016-04-01&q=trump&split=1&key=48d9fd877527e6c8c5ff25553c124b1634b8b2926310e2d259d6518221e2a5f2&split_daily=0 HTTP/1.1" 200 957
INFO:werkzeug:127.0.0.1 - - [03/Dec/2016 15:27:26] "POST /search HTTP/1.1" 200 -
INFO:werkzeug: * Detected change in '/Users/pedro-reynolds-cuellar/GitHub/MAS.500/MediaCloud-Flask-Example/mcserver.py', reloading
INFO:werkzeug: * Restarting with stat
INFO:root:Starting the MediaCloud example Flask app!
WARNING:werkzeug: * Debugger is active!
INFO:werkzeug: * Debugger pin code: 212-724-114
INFO:werkzeug: * Detected change in '/Users/pedro-reynolds-cuellar/GitHub/MAS.500/MediaCloud-Flask-Example/mcserver.py', reloading
INFO:werkzeug: * Restarting with stat
INFO:root:Starting the MediaCloud example Flask app!
WARNING:werkzeug: * Debugger is active!
INFO:werkzeug: * Debugger pin code: 212-724-114
INFO:root:Starting the MediaCloud example Flask app!
INFO:werkzeug: * Running on http://127.0.0.1:5000/ (Press CTRL+C to quit)
INFO:werkzeug: * Restarting with stat
INFO:root:Starting the MediaCloud example Flask app!
WARNING:werkzeug: * Debugger is active!
INFO:werkzeug: * Debugger pin code: 212-724-114
INFO:werkzeug:127.0.0.1 - - [03/Dec/2016 15:38:22] "GET / HTTP/1.1" 200 -
DEBUG:mediacloud.api:query GET to https://api.mediacloud.org/api/v2/sentences/count with {'fq': ['publish_date:[2015-01-01T00:00:00Z TO 2016-11-01T00:00:00Z}', 'media_sets_id:1'], 'split_start_date': '2015-01-01', 'split_end_date': '2016-11-01', 'q': u'trump', 'split': 1, 'split_daily': 0}
INFO:requests.packages.urllib3.connectionpool:Starting new HTTPS connection (1): api.mediacloud.org
DEBUG:requests.packages.urllib3.connectionpool:"GET /api/v2/sentences/count?fq=publish_date%3A%5B2015-01-01T00%3A00%3A00Z+TO+2016-11-01T00%3A00%3A00Z%7D&fq=media_sets_id%3A1&split_start_date=2015-01-01&split_end_date=2016-11-01&q=trump&split=1&key=48d9fd877527e6c8c5ff25553c124b1634b8b2926310e2d259d6518221e2a5f2&split_daily=0 HTTP/1.1" 200 2657
INFO:werkzeug:127.0.0.1 - - [03/Dec/2016 15:38:54] "POST /search HTTP/1.1" 200 -
INFO:root:Starting the MediaCloud example Flask app!
INFO:werkzeug: * Running on http://127.0.0.1:5000/ (Press CTRL+C to quit)
INFO:werkzeug: * Restarting with stat
INFO:root:Starting the MediaCloud example Flask app!
WARNING:werkzeug: * Debugger is active!
INFO:werkzeug: * Debugger pin code: 212-724-114
DEBUG:mediacloud.api:query GET to https://api.mediacloud.org/api/v2/sentences/count with {'fq': ['publish_date:[2015-01-01T00:00:00Z TO 2016-11-01T00:00:00Z}', 'media_sets_id:1'], 'split_start_date': '2015-01-01', 'split_end_date': '2016-11-01', 'q': u'trump', 'split': 1, 'split_daily': 0}
INFO:requests.packages.urllib3.connectionpool:Starting new HTTPS connection (1): api.mediacloud.org
DEBUG:requests.packages.urllib3.connectionpool:"GET /api/v2/sentences/count?fq=publish_date%3A%5B2015-01-01T00%3A00%3A00Z+TO+2016-11-01T00%3A00%3A00Z%7D&fq=media_sets_id%3A1&split_start_date=2015-01-01&split_end_date=2016-11-01&q=trump&split=1&key=48d9fd877527e6c8c5ff25553c124b1634b8b2926310e2d259d6518221e2a5f2&split_daily=0 HTTP/1.1" 200 2657
INFO:werkzeug:127.0.0.1 - - [03/Dec/2016 15:43:28] "POST /search HTTP/1.1" 200 -
INFO:root:Starting the MediaCloud example Flask app!
INFO:werkzeug: * Running on http://127.0.0.1:5000/ (Press CTRL+C to quit)
INFO:werkzeug: * Restarting with stat
INFO:root:Starting the MediaCloud example Flask app!
WARNING:werkzeug: * Debugger is active!
INFO:werkzeug: * Debugger pin code: 212-724-114
DEBUG:mediacloud.api:query GET to https://api.mediacloud.org/api/v2/sentences/count with {'fq': ['publish_date:[2015-01-01T00:00:00Z TO 2016-11-01T00:00:00Z}', 'media_sets_id:1'], 'split_start_date': '2015-01-01', 'split_end_date': '2016-11-01', 'q': u'trump', 'split': 1, 'split_daily': 0}
INFO:requests.packages.urllib3.connectionpool:Starting new HTTPS connection (1): api.mediacloud.org
DEBUG:requests.packages.urllib3.connectionpool:"GET /api/v2/sentences/count?fq=publish_date%3A%5B2015-01-01T00%3A00%3A00Z+TO+2016-11-01T00%3A00%3A00Z%7D&fq=media_sets_id%3A1&split_start_date=2015-01-01&split_end_date=2016-11-01&q=trump&split=1&key=48d9fd877527e6c8c5ff25553c124b1634b8b2926310e2d259d6518221e2a5f2&split_daily=0 HTTP/1.1" 200 2657
INFO:werkzeug:127.0.0.1 - - [03/Dec/2016 15:44:36] "POST /search HTTP/1.1" 200 -
DEBUG:mediacloud.api:query GET to https://api.mediacloud.org/api/v2/sentences/count with {'fq': ['publish_date:[2015-01-01T00:00:00Z TO 2016-11-01T00:00:00Z}', 'media_sets_id:1'], 'split_start_date': '2015-01-01', 'split_end_date': '2016-11-01', 'q': u'trump', 'split': 1, 'split_daily': 0}
INFO:requests.packages.urllib3.connectionpool:Starting new HTTPS connection (1): api.mediacloud.org
DEBUG:requests.packages.urllib3.connectionpool:"GET /api/v2/sentences/count?fq=publish_date%3A%5B2015-01-01T00%3A00%3A00Z+TO+2016-11-01T00%3A00%3A00Z%7D&fq=media_sets_id%3A1&split_start_date=2015-01-01&split_end_date=2016-11-01&q=trump&split=1&key=48d9fd877527e6c8c5ff25553c124b1634b8b2926310e2d259d6518221e2a5f2&split_daily=0 HTTP/1.1" 200 2657
INFO:werkzeug:127.0.0.1 - - [03/Dec/2016 15:45:08] "POST /search HTTP/1.1" 200 -
INFO:root:Starting the MediaCloud example Flask app!
INFO:werkzeug: * Running on http://127.0.0.1:5000/ (Press CTRL+C to quit)
INFO:werkzeug: * Restarting with stat
INFO:root:Starting the MediaCloud example Flask app!
WARNING:werkzeug: * Debugger is active!
INFO:werkzeug: * Debugger pin code: 212-724-114
DEBUG:mediacloud.api:query GET to https://api.mediacloud.org/api/v2/sentences/count with {'fq': ['publish_date:[2015-01-01T00:00:00Z TO 2016-11-01T00:00:00Z}', 'media_sets_id:1'], 'split_start_date': '2015-01-01', 'split_end_date': '2016-11-01', 'q': u'trump', 'split': 1, 'split_daily': 0}
INFO:requests.packages.urllib3.connectionpool:Starting new HTTPS connection (1): api.mediacloud.org
DEBUG:requests.packages.urllib3.connectionpool:"GET /api/v2/sentences/count?fq=publish_date%3A%5B2015-01-01T00%3A00%3A00Z+TO+2016-11-01T00%3A00%3A00Z%7D&fq=media_sets_id%3A1&split_start_date=2015-01-01&split_end_date=2016-11-01&q=trump&split=1&key=48d9fd877527e6c8c5ff25553c124b1634b8b2926310e2d259d6518221e2a5f2&split_daily=0 HTTP/1.1" 200 2657
INFO:werkzeug:127.0.0.1 - - [03/Dec/2016 15:46:10] "POST /search HTTP/1.1" 200 -
DEBUG:mediacloud.api:query GET to https://api.mediacloud.org/api/v2/sentences/count with {'fq': ['publish_date:[2015-01-01T00:00:00Z TO 2016-11-01T00:00:00Z}', 'media_sets_id:1'], 'split_start_date': '2015-01-01', 'split_end_date': '2016-11-01', 'q': u'trump', 'split': 1, 'split_daily': 0}
INFO:requests.packages.urllib3.connectionpool:Starting new HTTPS connection (1): api.mediacloud.org
DEBUG:requests.packages.urllib3.connectionpool:"GET /api/v2/sentences/count?fq=publish_date%3A%5B2015-01-01T00%3A00%3A00Z+TO+2016-11-01T00%3A00%3A00Z%7D&fq=media_sets_id%3A1&split_start_date=2015-01-01&split_end_date=2016-11-01&q=trump&split=1&key=48d9fd877527e6c8c5ff25553c124b1634b8b2926310e2d259d6518221e2a5f2&split_daily=0 HTTP/1.1" 200 2657
INFO:werkzeug:127.0.0.1 - - [03/Dec/2016 15:49:22] "POST /search HTTP/1.1" 200 -
INFO:werkzeug: * Detected change in '/Users/pedro-reynolds-cuellar/GitHub/MAS.500/MediaCloud-Flask-Example/mcserver.py', reloading
INFO:werkzeug: * Restarting with stat
INFO:root:Starting the MediaCloud example Flask app!
WARNING:werkzeug: * Debugger is active!
INFO:werkzeug: * Debugger pin code: 212-724-114
INFO:root:Starting the MediaCloud example Flask app!
INFO:werkzeug: * Running on http://127.0.0.1:5000/ (Press CTRL+C to quit)
INFO:werkzeug: * Restarting with stat
INFO:root:Starting the MediaCloud example Flask app!
WARNING:werkzeug: * Debugger is active!
INFO:werkzeug: * Debugger pin code: 212-724-114
INFO:werkzeug:127.0.0.1 - - [03/Dec/2016 15:51:30] "GET / HTTP/1.1" 200 -
DEBUG:mediacloud.api:query GET to https://api.mediacloud.org/api/v2/sentences/count with {'fq': ['publish_date:[2015-01-01T00:00:00Z TO 2016-11-01T00:00:00Z}', 'media_sets_id:1'], 'split_start_date': '2015-01-01', 'split_end_date': '2016-11-01', 'q': u'trump', 'split': 1, 'split_daily': 0}
INFO:requests.packages.urllib3.connectionpool:Starting new HTTPS connection (1): api.mediacloud.org
DEBUG:requests.packages.urllib3.connectionpool:"GET /api/v2/sentences/count?fq=publish_date%3A%5B2015-01-01T00%3A00%3A00Z+TO+2016-11-01T00%3A00%3A00Z%7D&fq=media_sets_id%3A1&split_start_date=2015-01-01&split_end_date=2016-11-01&q=trump&split=1&key=48d9fd877527e6c8c5ff25553c124b1634b8b2926310e2d259d6518221e2a5f2&split_daily=0 HTTP/1.1" 200 2657
INFO:werkzeug:127.0.0.1 - - [03/Dec/2016 15:51:34] "POST /search HTTP/1.1" 200 -
INFO:werkzeug: * Detected change in '/Users/pedro-reynolds-cuellar/GitHub/MAS.500/MediaCloud-Flask-Example/mcserver.py', reloading
INFO:werkzeug: * Restarting with stat
INFO:root:Starting the MediaCloud example Flask app!
WARNING:werkzeug: * Debugger is active!
INFO:werkzeug: * Debugger pin code: 212-724-114
DEBUG:mediacloud.api:query GET to https://api.mediacloud.org/api/v2/sentences/count with {'fq': ['publish_date:[2015-04-01T00:00:00Z TO 2016-11-01T00:00:00Z}', 'media_sets_id:1'], 'split_start_date': '2015-04-01', 'split_end_date': '2016-11-01', 'q': u'trump', 'split': 1, 'split_daily': 0}
INFO:requests.packages.urllib3.connectionpool:Starting new HTTPS connection (1): api.mediacloud.org
DEBUG:requests.packages.urllib3.connectionpool:"GET /api/v2/sentences/count?fq=publish_date%3A%5B2015-04-01T00%3A00%3A00Z+TO+2016-11-01T00%3A00%3A00Z%7D&fq=media_sets_id%3A1&split_start_date=2015-04-01&split_end_date=2016-11-01&q=trump&split=1&key=48d9fd877527e6c8c5ff25553c124b1634b8b2926310e2d259d6518221e2a5f2&split_daily=0 HTTP/1.1" 200 2311
INFO:werkzeug:127.0.0.1 - - [03/Dec/2016 15:53:23] "POST /search HTTP/1.1" 200 -
INFO:root:Starting the MediaCloud example Flask app!
INFO:werkzeug: * Running on http://127.0.0.1:5000/ (Press CTRL+C to quit)
INFO:werkzeug: * Restarting with stat
INFO:root:Starting the MediaCloud example Flask app!
WARNING:werkzeug: * Debugger is active!
INFO:werkzeug: * Debugger pin code: 212-724-114
INFO:werkzeug:127.0.0.1 - - [03/Dec/2016 15:55:26] "GET / HTTP/1.1" 200 -
DEBUG:mediacloud.api:query GET to https://api.mediacloud.org/api/v2/sentences/count with {'fq': ['publish_date:[2015-04-01T00:00:00Z TO 2016-11-01T00:00:00Z}', 'media_sets_id:1'], 'split_start_date': '2015-09-01', 'split_end_date': '2016-11-01', 'q': u'trump', 'split': 1, 'split_daily': 0}
INFO:requests.packages.urllib3.connectionpool:Starting new HTTPS connection (1): api.mediacloud.org
DEBUG:requests.packages.urllib3.connectionpool:"GET /api/v2/sentences/count?fq=publish_date%3A%5B2015-04-01T00%3A00%3A00Z+TO+2016-11-01T00%3A00%3A00Z%7D&fq=media_sets_id%3A1&split_start_date=2015-09-01&split_end_date=2016-11-01&q=trump&split=1&key=48d9fd877527e6c8c5ff25553c124b1634b8b2926310e2d259d6518221e2a5f2&split_daily=0 HTTP/1.1" 200 1720
INFO:werkzeug:127.0.0.1 - - [03/Dec/2016 15:55:34] "POST /search HTTP/1.1" 200 -
INFO:werkzeug: * Detected change in '/Users/pedro-reynolds-cuellar/GitHub/MAS.500/MediaCloud-Flask-Example/mcserver.py', reloading
INFO:werkzeug: * Restarting with stat
INFO:root:Starting the MediaCloud example Flask app!
WARNING:werkzeug: * Debugger is active!
INFO:werkzeug: * Debugger pin code: 212-724-114
INFO:root:Starting the MediaCloud example Flask app!
INFO:werkzeug: * Running on http://127.0.0.1:5000/ (Press CTRL+C to quit)
INFO:werkzeug: * Restarting with stat
INFO:root:Starting the MediaCloud example Flask app!
WARNING:werkzeug: * Debugger is active!
INFO:werkzeug: * Debugger pin code: 212-724-114
DEBUG:mediacloud.api:query GET to https://api.mediacloud.org/api/v2/sentences/count with {'fq': ['publish_date:[2015-09-01T00:00:00Z TO 2016-11-01T00:00:00Z}', 'media_sets_id:1'], 'split_start_date': '2015-09-01', 'split_end_date': '2016-11-01', 'q': u'trump', 'split': 1, 'split_daily': 0}
INFO:requests.packages.urllib3.connectionpool:Starting new HTTPS connection (1): api.mediacloud.org
DEBUG:requests.packages.urllib3.connectionpool:"GET /api/v2/sentences/count?fq=publish_date%3A%5B2015-09-01T00%3A00%3A00Z+TO+2016-11-01T00%3A00%3A00Z%7D&fq=media_sets_id%3A1&split_start_date=2015-09-01&split_end_date=2016-11-01&q=trump&split=1&key=48d9fd877527e6c8c5ff25553c124b1634b8b2926310e2d259d6518221e2a5f2&split_daily=0 HTTP/1.1" 200 1720
INFO:werkzeug:127.0.0.1 - - [03/Dec/2016 15:56:01] "POST /search HTTP/1.1" 200 -
INFO:werkzeug: * Detected change in '/Users/pedro-reynolds-cuellar/GitHub/MAS.500/MediaCloud-Flask-Example/mcserver.py', reloading
INFO:werkzeug: * Restarting with stat
INFO:root:Starting the MediaCloud example Flask app!
WARNING:werkzeug: * Debugger is active!
INFO:werkzeug: * Debugger pin code: 212-724-114
INFO:werkzeug: * Detected change in '/Users/pedro-reynolds-cuellar/GitHub/MAS.500/MediaCloud-Flask-Example/mcserver.py', reloading
INFO:werkzeug: * Restarting with stat
INFO:root:Starting the MediaCloud example Flask app!
WARNING:werkzeug: * Debugger is active!
INFO:werkzeug: * Debugger pin code: 212-724-114
INFO:root:Starting the MediaCloud example Flask app!
INFO:werkzeug: * Running on http://127.0.0.1:5000/ (Press CTRL+C to quit)
INFO:werkzeug: * Restarting with stat
INFO:root:Starting the MediaCloud example Flask app!
WARNING:werkzeug: * Debugger is active!
INFO:werkzeug: * Debugger pin code: 212-724-114
DEBUG:mediacloud.api:query GET to https://api.mediacloud.org/api/v2/sentences/count with {'fq': ['publish_date:[2015-05-01T00:00:00Z TO 2016-04-01T00:00:00Z}', 'media_sets_id:1'], 'split_start_date': '2015-05-01', 'split_end_date': '2016-04-01', 'q': u'trump', 'split': 1, 'split_daily': 0}
INFO:requests.packages.urllib3.connectionpool:Starting new HTTPS connection (1): api.mediacloud.org
DEBUG:requests.packages.urllib3.connectionpool:"GET /api/v2/sentences/count?fq=publish_date%3A%5B2015-05-01T00%3A00%3A00Z+TO+2016-04-01T00%3A00%3A00Z%7D&fq=media_sets_id%3A1&split_start_date=2015-05-01&split_end_date=2016-04-01&q=trump&split=1&key=48d9fd877527e6c8c5ff25553c124b1634b8b2926310e2d259d6518221e2a5f2&split_daily=0 HTTP/1.1" 200 1415
INFO:werkzeug:127.0.0.1 - - [03/Dec/2016 15:58:42] "POST /search HTTP/1.1" 200 -
INFO:werkzeug: * Detected change in '/Users/pedro-reynolds-cuellar/GitHub/MAS.500/MediaCloud-Flask-Example/mcserver.py', reloading
INFO:werkzeug: * Restarting with stat
INFO:root:Starting the MediaCloud example Flask app!
WARNING:werkzeug: * Debugger is active!
INFO:werkzeug: * Debugger pin code: 212-724-114
INFO:werkzeug: * Detected change in '/Users/pedro-reynolds-cuellar/GitHub/MAS.500/MediaCloud-Flask-Example/mcserver.py', reloading
INFO:werkzeug: * Restarting with stat
INFO:root:Starting the MediaCloud example Flask app!
WARNING:werkzeug: * Debugger is active!
INFO:werkzeug: * Debugger pin code: 212-724-114
DEBUG:mediacloud.api:query GET to https://api.mediacloud.org/api/v2/sentences/count with {'fq': ['publish_date:[2015-05-01T00:00:00Z TO 2016-04-01T00:00:00Z}', 'media_sets_id:1'], 'split_start_date': '2015-05-01', 'split_end_date': '2016-04-01', 'q': u'trump', 'split': 1, 'split_daily': 0}
INFO:requests.packages.urllib3.connectionpool:Starting new HTTPS connection (1): api.mediacloud.org
DEBUG:requests.packages.urllib3.connectionpool:"GET /api/v2/sentences/count?fq=publish_date%3A%5B2015-05-01T00%3A00%3A00Z+TO+2016-04-01T00%3A00%3A00Z%7D&fq=media_sets_id%3A1&split_start_date=2015-05-01&split_end_date=2016-04-01&q=trump&split=1&key=48d9fd877527e6c8c5ff25553c124b1634b8b2926310e2d259d6518221e2a5f2&split_daily=0 HTTP/1.1" 200 1415
INFO:werkzeug:127.0.0.1 - - [03/Dec/2016 16:02:22] "POST /search HTTP/1.1" 200 -
INFO:werkzeug: * Detected change in '/Users/pedro-reynolds-cuellar/GitHub/MAS.500/MediaCloud-Flask-Example/mcserver.py', reloading
INFO:werkzeug: * Restarting with stat
INFO:root:Starting the MediaCloud example Flask app!
WARNING:werkzeug: * Debugger is active!
INFO:werkzeug: * Debugger pin code: 212-724-114
INFO:werkzeug: * Detected change in '/Users/pedro-reynolds-cuellar/GitHub/MAS.500/MediaCloud-Flask-Example/mcserver.py', reloading
INFO:werkzeug: * Restarting with stat
INFO:root:Starting the MediaCloud example Flask app!
WARNING:werkzeug: * Debugger is active!
INFO:werkzeug: * Debugger pin code: 212-724-114
INFO:root:Starting the MediaCloud example Flask app!
INFO:werkzeug: * Running on http://127.0.0.1:5000/ (Press CTRL+C to quit)
INFO:werkzeug: * Restarting with stat
INFO:root:Starting the MediaCloud example Flask app!
WARNING:werkzeug: * Debugger is active!
INFO:werkzeug: * Debugger pin code: 212-724-114
DEBUG:mediacloud.api:query GET to https://api.mediacloud.org/api/v2/sentences/count with {'fq': ['publish_date:[2015-05-01T00:00:00Z TO 2016-04-01T00:00:00Z}', 'media_sets_id:1'], 'split_start_date': '2015-05-01', 'split_end_date': '2016-04-01', 'q': u'trump', 'split': 1, 'split_daily': 0}
INFO:requests.packages.urllib3.connectionpool:Starting new HTTPS connection (1): api.mediacloud.org
DEBUG:requests.packages.urllib3.connectionpool:"GET /api/v2/sentences/count?fq=publish_date%3A%5B2015-05-01T00%3A00%3A00Z+TO+2016-04-01T00%3A00%3A00Z%7D&fq=media_sets_id%3A1&split_start_date=2015-05-01&split_end_date=2016-04-01&q=trump&split=1&key=48d9fd877527e6c8c5ff25553c124b1634b8b2926310e2d259d6518221e2a5f2&split_daily=0 HTTP/1.1" 200 1415
INFO:werkzeug:127.0.0.1 - - [03/Dec/2016 16:03:16] "POST /search HTTP/1.1" 200 -
INFO:werkzeug: * Detected change in '/Users/pedro-reynolds-cuellar/GitHub/MAS.500/MediaCloud-Flask-Example/mcserver.py', reloading
INFO:werkzeug: * Restarting with stat
INFO:root:Starting the MediaCloud example Flask app!
WARNING:werkzeug: * Debugger is active!
INFO:werkzeug: * Debugger pin code: 212-724-114
INFO:werkzeug: * Detected change in '/Users/pedro-reynolds-cuellar/GitHub/MAS.500/MediaCloud-Flask-Example/mcserver.py', reloading
INFO:werkzeug: * Restarting with stat
INFO:root:Starting the MediaCloud example Flask app!
WARNING:werkzeug: * Debugger is active!
INFO:werkzeug: * Debugger pin code: 212-724-114
